  [1m[35m (395.8ms)[0m  [1m[35mCREATE DATABASE "music_app_development" ENCODING = 'unicode'[0m
  ↳ bin/rails:9
  [1m[35m (254.2ms)[0m  [1m[35mCREATE DATABASE "music_app_test" ENCODING = 'unicode'[0m
  ↳ bin/rails:9
  [1m[35m (17.0ms)[0m  [1m[35mCREATE TABLE "schema_migrations" ("version" character varying NOT NULL PRIMARY KEY)[0m
  ↳ bin/rails:9
  [1m[35m (3.1ms)[0m  [1m[35mCREATE TABLE "ar_internal_metadata" ("key" character varying NOT NULL PRIMARY KEY, "value" character varying, "created_at" timestamp NOT NULL, "updated_at" timestamp NOT NULL)[0m
  ↳ bin/rails:9
  [1m[35m (0.9ms)[0m  [1m[34mSELECT pg_try_advisory_lock(4505726345591715405)[0m
  ↳ bin/rails:9
  [1m[35m (0.6ms)[0m  [1m[34mSELECT "schema_migrations"."version" FROM "schema_migrations" ORDER BY "schema_migrations"."version" ASC[0m
  ↳ bin/rails:9
Migrating to CreateUsers (20200325202120)
  [1m[35m (0.2ms)[0m  [1m[35mBEGIN[0m
  ↳ bin/rails:9
  [1m[35m (10.9ms)[0m  [1m[35mCREATE TABLE "users" ("id" bigserial primary key, "username" character varying NOT NULL, "password_digest" character varying NOT NULL, "session_token" character varying NOT NULL, "created_at" timestamp NOT NULL, "updated_at" timestamp NOT NULL)[0m
  ↳ db/migrate/20200325202120_create_users.rb:3
  [1m[35m (2.4ms)[0m  [1m[31mROLLBACK[0m
  ↳ bin/rails:9
  [1m[35m (0.5ms)[0m  [1m[34mSELECT pg_advisory_unlock(4505726345591715405)[0m
  ↳ bin/rails:9
  [1m[35m (0.6ms)[0m  [1m[34mSELECT "schema_migrations"."version" FROM "schema_migrations" ORDER BY "schema_migrations"."version" ASC[0m
  ↳ bin/rails:9
  [1m[35m (0.2ms)[0m  [1m[34mSELECT pg_try_advisory_lock(4505726345591715405)[0m
  ↳ bin/rails:9
  [1m[35m (0.6ms)[0m  [1m[34mSELECT "schema_migrations"."version" FROM "schema_migrations" ORDER BY "schema_migrations"."version" ASC[0m
  ↳ bin/rails:9
Migrating to CreateUsers (20200325202120)
  [1m[35m (0.2ms)[0m  [1m[35mBEGIN[0m
  ↳ bin/rails:9
  [1m[35m (9.6ms)[0m  [1m[35mCREATE TABLE "users" ("id" bigserial primary key, "username" character varying NOT NULL, "password_digest" character varying NOT NULL, "session_token" character varying NOT NULL, "created_at" timestamp NOT NULL, "updated_at" timestamp NOT NULL)[0m
  ↳ db/migrate/20200325202120_create_users.rb:3
  [1m[35m (1.0ms)[0m  [1m[35mCREATE  INDEX  "index_users_on_username" ON "users"  ("username")[0m
  ↳ db/migrate/20200325202120_create_users.rb:9
  [1m[36mActiveRecord::SchemaMigration Create (0.7ms)[0m  [1m[32mINSERT INTO "schema_migrations" ("version") VALUES ($1) RETURNING "version"[0m  [["version", "20200325202120"]]
  ↳ bin/rails:9
  [1m[35m (0.6ms)[0m  [1m[35mCOMMIT[0m
  ↳ bin/rails:9
  [1m[36mActiveRecord::InternalMetadata Load (0.4ms)[0m  [1m[34mSELECT  "ar_internal_metadata".* FROM "ar_internal_metadata" WHERE "ar_internal_metadata"."key" = $1 LIMIT $2[0m  [["key", "environment"], ["LIMIT", 1]]
  ↳ bin/rails:9
  [1m[35m (1.1ms)[0m  [1m[35mBEGIN[0m
  ↳ bin/rails:9
  [1m[36mActiveRecord::InternalMetadata Create (1.0ms)[0m  [1m[32mINSERT INTO "ar_internal_metadata" ("key", "value", "created_at", "updated_at") VALUES ($1, $2, $3, $4) RETURNING "key"[0m  [["key", "environment"], ["value", "development"], ["created_at", "2020-03-25 20:26:43.880927"], ["updated_at", "2020-03-25 20:26:43.880927"]]
  ↳ bin/rails:9
  [1m[35m (0.4ms)[0m  [1m[35mCOMMIT[0m
  ↳ bin/rails:9
  [1m[35m (0.2ms)[0m  [1m[34mSELECT pg_advisory_unlock(4505726345591715405)[0m
  ↳ bin/rails:9
  [1m[35m (1.5ms)[0m  [1m[34mSELECT "schema_migrations"."version" FROM "schema_migrations" ORDER BY "schema_migrations"."version" ASC[0m
  ↳ bin/rails:9
  [1m[35m (1.7ms)[0m  [1m[34mSELECT "schema_migrations"."version" FROM "schema_migrations" ORDER BY "schema_migrations"."version" ASC[0m
  ↳ bin/rails:9
  [1m[35m (0.6ms)[0m  [1m[34mSELECT "schema_migrations"."version" FROM "schema_migrations" ORDER BY "schema_migrations"."version" ASC[0m
  ↳ /Users/josephdeng/.rbenv/versions/2.5.1/bin/annotate:23
Started GET "/users" for ::1 at 2020-03-25 13:52:37 -0700
  [1m[35m (0.7ms)[0m  [1m[34mSELECT "schema_migrations"."version" FROM "schema_migrations" ORDER BY "schema_migrations"."version" ASC[0m
  ↳ /Users/josephdeng/.rbenv/versions/2.5.1/lib/ruby/gems/2.5.0/gems/activerecord-5.2.4.2/lib/active_record/log_subscriber.rb:98
Processing by UsersController#index as HTML
  Rendering users/index.html.erb within layouts/application
  Rendered users/index.html.erb within layouts/application (1.4ms)
Completed 200 OK in 657ms (Views: 640.1ms | ActiveRecord: 0.0ms)


  [1m[35m (0.1ms)[0m  [1m[34mSELECT pg_try_advisory_lock(4505726345591715405)[0m
  ↳ bin/rails:9
  [1m[35m (0.6ms)[0m  [1m[34mSELECT "schema_migrations"."version" FROM "schema_migrations" ORDER BY "schema_migrations"."version" ASC[0m
  ↳ bin/rails:9
Migrating to ChangeColumnNameInUsers (20200325205913)
  [1m[35m (0.1ms)[0m  [1m[35mBEGIN[0m
  ↳ bin/rails:9
  [1m[35m (8.8ms)[0m  [1m[35mALTER TABLE "users" RENAME COLUMN "username" TO "email"[0m
  ↳ db/migrate/20200325205913_change_column_name_in_users.rb:3
  [1m[35m (0.3ms)[0m  [1m[35mALTER INDEX "index_users_on_username" RENAME TO "index_users_on_email"[0m
  ↳ db/migrate/20200325205913_change_column_name_in_users.rb:3
  [1m[36mActiveRecord::SchemaMigration Create (0.8ms)[0m  [1m[32mINSERT INTO "schema_migrations" ("version") VALUES ($1) RETURNING "version"[0m  [["version", "20200325205913"]]
  ↳ bin/rails:9
  [1m[35m (1.9ms)[0m  [1m[35mCOMMIT[0m
  ↳ bin/rails:9
  [1m[36mActiveRecord::InternalMetadata Load (1.3ms)[0m  [1m[34mSELECT  "ar_internal_metadata".* FROM "ar_internal_metadata" WHERE "ar_internal_metadata"."key" = $1 LIMIT $2[0m  [["key", "environment"], ["LIMIT", 1]]
  ↳ bin/rails:9
  [1m[35m (0.4ms)[0m  [1m[35mBEGIN[0m
  ↳ bin/rails:9
  [1m[35m (0.1ms)[0m  [1m[35mCOMMIT[0m
  ↳ bin/rails:9
  [1m[35m (0.2ms)[0m  [1m[34mSELECT pg_advisory_unlock(4505726345591715405)[0m
  ↳ bin/rails:9
  [1m[35m (0.2ms)[0m  [1m[34mSELECT "schema_migrations"."version" FROM "schema_migrations" ORDER BY "schema_migrations"."version" ASC[0m
  ↳ bin/rails:9
Started GET "/users" for ::1 at 2020-03-25 14:09:49 -0700
  [1m[35m (0.7ms)[0m  [1m[34mSELECT "schema_migrations"."version" FROM "schema_migrations" ORDER BY "schema_migrations"."version" ASC[0m
  ↳ /Users/josephdeng/.rbenv/versions/2.5.1/lib/ruby/gems/2.5.0/gems/activerecord-5.2.4.2/lib/active_record/log_subscriber.rb:98
Processing by UsersController#index as HTML
  Rendering users/index.html.erb within layouts/application
  Rendered users/index.html.erb within layouts/application (1.2ms)
Completed 200 OK in 188ms (Views: 173.3ms | ActiveRecord: 0.0ms)


Started GET "/users/new" for ::1 at 2020-03-25 14:10:00 -0700
Processing by UsersController#new as HTML
  Rendering users/new.html.erb within layouts/application
  Rendered users/new.html.erb within layouts/application (0.8ms)
Completed 200 OK in 55ms (Views: 36.3ms | ActiveRecord: 9.4ms)


Started GET "/users/new" for ::1 at 2020-03-25 14:28:41 -0700

SyntaxError - syntax error, unexpected tIDENTIFIER, expecting keyword_end
...  session[:sesstion_token] user.reset_session_token!
...                           ^~~~:
  app/controllers/application_controller.rb:4:in `'
  app/controllers/users_controller.rb:1:in `<top (required)>'

Started POST "/__better_errors/a61ee785efb8c2c4/variables" for ::1 at 2020-03-25 14:28:41 -0700
Started GET "/users/new" for ::1 at 2020-03-25 14:28:56 -0700
Processing by UsersController#new as HTML
  Rendering users/new.html.erb within layouts/application
  Rendered users/new.html.erb within layouts/application (1.2ms)
Completed 200 OK in 68ms (Views: 43.4ms | ActiveRecord: 8.5ms)


Started GET "/users/new" for ::1 at 2020-03-25 14:30:13 -0700
Processing by UsersController#new as HTML
  Rendering users/new.html.erb within layouts/application
  Rendered users/new.html.erb within layouts/application (1.7ms)
Completed 200 OK in 45ms (Views: 44.3ms | ActiveRecord: 0.0ms)


Started GET "/users/new" for ::1 at 2020-03-25 14:30:28 -0700
Processing by UsersController#new as HTML
  Rendering users/new.html.erb within layouts/application
  Rendered users/new.html.erb within layouts/application (2.1ms)
Completed 200 OK in 47ms (Views: 46.0ms | ActiveRecord: 0.0ms)


Started POST "/users" for ::1 at 2020-03-25 14:31:02 -0700
Processing by UsersController#create as HTML
  Parameters: {"user"=>{"email"=>"joe@web.io", "password"=>"[FILTERED]"}}
Can't verify CSRF token authenticity.
Completed 422 Unprocessable Entity in 1ms (ActiveRecord: 0.0ms)



ActionController::InvalidAuthenticityToken - ActionController::InvalidAuthenticityToken:

Started POST "/__better_errors/d8f5c1d031022482/variables" for ::1 at 2020-03-25 14:31:02 -0700
Started POST "/users" for ::1 at 2020-03-25 14:37:06 -0700
Processing by UsersController#create as HTML
  Parameters: {"user"=>{"email"=>"joe@web.io", "password"=>"[FILTERED]"}}
Can't verify CSRF token authenticity.
Completed 422 Unprocessable Entity in 1ms (ActiveRecord: 0.0ms)



ActionController::InvalidAuthenticityToken - ActionController::InvalidAuthenticityToken:

Started POST "/__better_errors/9a4b17c0a0f40307/variables" for ::1 at 2020-03-25 14:37:06 -0700
Started GET "/users/new" for ::1 at 2020-03-25 14:37:10 -0700
Processing by UsersController#new as HTML
  Rendering users/new.html.erb within layouts/application
  Rendered users/new.html.erb within layouts/application (0.6ms)
Completed 200 OK in 61ms (Views: 37.1ms | ActiveRecord: 13.6ms)


Started POST "/users" for ::1 at 2020-03-25 14:37:19 -0700
Processing by UsersController#create as HTML
  Parameters: {"user"=>{"email"=>"joe@web.io", "password"=>"[FILTERED]"}}
Can't verify CSRF token authenticity.
Completed 422 Unprocessable Entity in 1ms (ActiveRecord: 0.0ms)



ActionController::InvalidAuthenticityToken - ActionController::InvalidAuthenticityToken:

Started POST "/__better_errors/915ed11815dc9b0a/variables" for ::1 at 2020-03-25 14:37:20 -0700
Started POST "/users" for ::1 at 2020-03-25 14:41:16 -0700
Processing by UsersController#create as HTML
  Parameters: {"user"=>{"email"=>"joe@web.io", "password"=>"[FILTERED]"}}
Unpermitted parameter: :password
  [1m[35m (0.2ms)[0m  [1m[35mBEGIN[0m
  ↳ app/controllers/users_controller.rb:24
  [1m[36mUser Exists (2.0ms)[0m  [1m[34mSELECT  1 AS one FROM "users" WHERE "users"."email" = $1 LIMIT $2[0m  [["email", "joe@web.io"], ["LIMIT", 1]]
  ↳ app/controllers/users_controller.rb:24
  [1m[36mUser Exists (0.4ms)[0m  [1m[34mSELECT  1 AS one FROM "users" WHERE "users"."session_token" = $1 LIMIT $2[0m  [["session_token", "LfqRicCbqZnp1L7liY1agw"], ["LIMIT", 1]]
  ↳ app/controllers/users_controller.rb:24
  [1m[35m (0.2ms)[0m  [1m[31mROLLBACK[0m
  ↳ app/controllers/users_controller.rb:24
  Rendering users/new.html.erb within layouts/application
  Rendered users/new.html.erb within layouts/application (0.4ms)
Completed 200 OK in 79ms (Views: 34.1ms | ActiveRecord: 8.0ms)


Started GET "/users" for ::1 at 2020-03-25 14:41:25 -0700
Processing by UsersController#index as HTML
  Rendering users/index.html.erb within layouts/application
  Rendered users/index.html.erb within layouts/application (0.3ms)
Completed 200 OK in 26ms (Views: 25.4ms | ActiveRecord: 0.0ms)


Started GET "/users/new" for ::1 at 2020-03-25 14:41:28 -0700
Processing by UsersController#new as HTML
  Rendering users/new.html.erb within layouts/application
  Rendered users/new.html.erb within layouts/application (0.4ms)
Completed 200 OK in 19ms (Views: 18.7ms | ActiveRecord: 0.0ms)


Started POST "/users" for ::1 at 2020-03-25 14:41:34 -0700
Processing by UsersController#create as HTML
  Parameters: {"user"=>{"email"=>"joe@web.io", "password"=>"[FILTERED]"}}
Unpermitted parameter: :password
  [1m[35m (0.3ms)[0m  [1m[35mBEGIN[0m
  ↳ app/controllers/users_controller.rb:24
  [1m[36mUser Exists (1.5ms)[0m  [1m[34mSELECT  1 AS one FROM "users" WHERE "users"."email" = $1 LIMIT $2[0m  [["email", "joe@web.io"], ["LIMIT", 1]]
  ↳ app/controllers/users_controller.rb:24
  [1m[36mUser Exists (0.5ms)[0m  [1m[34mSELECT  1 AS one FROM "users" WHERE "users"."session_token" = $1 LIMIT $2[0m  [["session_token", "F5RfYPGNHHunC-N88JQJEQ"], ["LIMIT", 1]]
  ↳ app/controllers/users_controller.rb:24
  [1m[35m (1.4ms)[0m  [1m[31mROLLBACK[0m
  ↳ app/controllers/users_controller.rb:24
  Rendering users/new.html.erb within layouts/application
  Rendered users/new.html.erb within layouts/application (0.4ms)
Completed 200 OK in 32ms (Views: 21.0ms | ActiveRecord: 3.7ms)


  [1m[36mUser Load (0.6ms)[0m  [1m[34mSELECT "users".* FROM "users"[0m
Started POST "/users" for ::1 at 2020-03-25 14:44:05 -0700
Processing by UsersController#create as HTML
  Parameters: {"user"=>{"email"=>"joe@web.io", "password"=>"[FILTERED]"}}
Completed 500 Internal Server Error in 1ms (ActiveRecord: 0.0ms)



RuntimeError - :
  app/controllers/users_controller.rb:23:in `create'

Started POST "/__better_errors/85dbd10dfcf4a4f4/variables" for ::1 at 2020-03-25 14:44:06 -0700
Started POST "/__better_errors/85dbd10dfcf4a4f4/eval" for ::1 at 2020-03-25 14:44:26 -0700
  [1m[35m (0.4ms)[0m  [1m[35mBEGIN[0m
  [1m[36mUser Exists (0.7ms)[0m  [1m[34mSELECT  1 AS one FROM "users" WHERE "users"."email" = $1 LIMIT $2[0m  [["email", "alex@yahoo.com"], ["LIMIT", 1]]
  [1m[36mUser Exists (0.3ms)[0m  [1m[34mSELECT  1 AS one FROM "users" WHERE "users"."session_token" = $1 LIMIT $2[0m  [["session_token", "0oL4Fg_jhbi3126pI4RMAQ"], ["LIMIT", 1]]
  [1m[36mUser Create (3.0ms)[0m  [1m[32mINSERT INTO "users" ("email", "password_digest", "session_token", "created_at", "updated_at") VALUES ($1, $2, $3, $4, $5) RETURNING "id"[0m  [["email", "alex@yahoo.com"], ["password_digest", "$2a$12$pk7jlEDE3a6tRgSunK/flO9Ti1/jaXFl4bzII.FKURYK5MgbYyC9O"], ["session_token", "0oL4Fg_jhbi3126pI4RMAQ"], ["created_at", "2020-03-25 21:48:46.811358"], ["updated_at", "2020-03-25 21:48:46.811358"]]
  [1m[35m (0.9ms)[0m  [1m[35mCOMMIT[0m
Started POST "/users" for ::1 at 2020-03-25 14:52:16 -0700
Processing by UsersController#create as HTML
  Parameters: {"user"=>{"email"=>"joe@web.io", "password"=>"[FILTERED]"}}
  [1m[35m (0.2ms)[0m  [1m[35mBEGIN[0m
  ↳ app/controllers/users_controller.rb:24
  [1m[36mUser Exists (0.9ms)[0m  [1m[34mSELECT  1 AS one FROM "users" WHERE "users"."email" = $1 LIMIT $2[0m  [["email", "joe@web.io"], ["LIMIT", 1]]
  ↳ app/controllers/users_controller.rb:24
  [1m[36mUser Exists (0.7ms)[0m  [1m[34mSELECT  1 AS one FROM "users" WHERE "users"."session_token" = $1 LIMIT $2[0m  [["session_token", "mrUQIGy0NeLA_YIoBpw-fg"], ["LIMIT", 1]]
  ↳ app/controllers/users_controller.rb:24
  [1m[36mUser Create (0.6ms)[0m  [1m[32mINSERT INTO "users" ("email", "password_digest", "session_token", "created_at", "updated_at") VALUES ($1, $2, $3, $4, $5) RETURNING "id"[0m  [["email", "joe@web.io"], ["password_digest", "$2a$12$lx38EsAj4oxLVIQCQe8j2uv2wru23DRURjnBoDHi3IXN/oXVcjl7m"], ["session_token", "mrUQIGy0NeLA_YIoBpw-fg"], ["created_at", "2020-03-25 21:52:16.863246"], ["updated_at", "2020-03-25 21:52:16.863246"]]
  ↳ app/controllers/users_controller.rb:24
  [1m[35m (6.1ms)[0m  [1m[35mCOMMIT[0m
  ↳ app/controllers/users_controller.rb:24
Redirected to http://localhost:3000/users
Completed 302 Found in 252ms (ActiveRecord: 17.4ms)


Started GET "/users" for ::1 at 2020-03-25 14:52:16 -0700
Processing by UsersController#index as HTML
  Rendering users/index.html.erb within layouts/application
  Rendered users/index.html.erb within layouts/application (0.3ms)
Completed 200 OK in 22ms (Views: 20.9ms | ActiveRecord: 0.0ms)


Started GET "/users/new" for ::1 at 2020-03-25 14:52:19 -0700
Processing by UsersController#new as HTML
  Rendering users/new.html.erb within layouts/application
  Rendered users/new.html.erb within layouts/application (0.6ms)
Completed 200 OK in 30ms (Views: 29.4ms | ActiveRecord: 0.0ms)


Started POST "/users" for ::1 at 2020-03-25 14:52:28 -0700
Processing by UsersController#create as HTML
  Parameters: {"user"=>{"email"=>"joe@web.io", "password"=>"[FILTERED]"}}
  [1m[35m (0.1ms)[0m  [1m[35mBEGIN[0m
  ↳ app/controllers/users_controller.rb:24
  [1m[36mUser Exists (0.3ms)[0m  [1m[34mSELECT  1 AS one FROM "users" WHERE "users"."email" = $1 LIMIT $2[0m  [["email", "joe@web.io"], ["LIMIT", 1]]
  ↳ app/controllers/users_controller.rb:24
  [1m[36mUser Exists (0.3ms)[0m  [1m[34mSELECT  1 AS one FROM "users" WHERE "users"."session_token" = $1 LIMIT $2[0m  [["session_token", "MCZPSWQn57TXyA8MwmmzHA"], ["LIMIT", 1]]
  ↳ app/controllers/users_controller.rb:24
  [1m[35m (0.1ms)[0m  [1m[31mROLLBACK[0m
  ↳ app/controllers/users_controller.rb:24
  Rendering users/new.html.erb within layouts/application
  Rendered users/new.html.erb within layouts/application (0.4ms)
Completed 200 OK in 236ms (Views: 17.3ms | ActiveRecord: 0.9ms)


  [1m[36mUser Load (0.5ms)[0m  [1m[34mSELECT "users".* FROM "users"[0m
Started POST "/users" for ::1 at 2020-03-25 14:53:29 -0700
Processing by UsersController#create as HTML
  Parameters: {"user"=>{"email"=>"bob@email.com", "password"=>"[FILTERED]"}}
  [1m[35m (0.1ms)[0m  [1m[35mBEGIN[0m
  ↳ app/controllers/users_controller.rb:24
  [1m[36mUser Exists (0.3ms)[0m  [1m[34mSELECT  1 AS one FROM "users" WHERE "users"."email" = $1 LIMIT $2[0m  [["email", "bob@email.com"], ["LIMIT", 1]]
  ↳ app/controllers/users_controller.rb:24
  [1m[36mUser Exists (0.3ms)[0m  [1m[34mSELECT  1 AS one FROM "users" WHERE "users"."session_token" = $1 LIMIT $2[0m  [["session_token", "Li_zqpfAjVCyrfK9FBynmg"], ["LIMIT", 1]]
  ↳ app/controllers/users_controller.rb:24
  [1m[36mUser Create (0.3ms)[0m  [1m[32mINSERT INTO "users" ("email", "password_digest", "session_token", "created_at", "updated_at") VALUES ($1, $2, $3, $4, $5) RETURNING "id"[0m  [["email", "bob@email.com"], ["password_digest", "$2a$12$9C3JX0rFMdqI.uAmLDlnF.DPIOzdzjUdEhFayIihrGpGRz.kYQa2a"], ["session_token", "Li_zqpfAjVCyrfK9FBynmg"], ["created_at", "2020-03-25 21:53:29.729278"], ["updated_at", "2020-03-25 21:53:29.729278"]]
  ↳ app/controllers/users_controller.rb:24
  [1m[35m (5.7ms)[0m  [1m[35mCOMMIT[0m
  ↳ app/controllers/users_controller.rb:24
Redirected to http://localhost:3000/users
Completed 302 Found in 228ms (ActiveRecord: 6.7ms)


Started GET "/users" for ::1 at 2020-03-25 14:53:29 -0700
Processing by UsersController#index as HTML
  Rendering users/index.html.erb within layouts/application
  Rendered users/index.html.erb within layouts/application (0.4ms)
Completed 200 OK in 18ms (Views: 17.6ms | ActiveRecord: 0.0ms)


Started GET "/users" for ::1 at 2020-03-25 14:55:05 -0700
Processing by UsersController#index as HTML
  Rendering users/index.html.erb within layouts/application
  [1m[36mUser Load (0.4ms)[0m  [1m[34mSELECT "users".* FROM "users"[0m
  ↳ app/views/users/index.html.erb:3
  Rendered users/index.html.erb within layouts/application (9.4ms)
Completed 200 OK in 30ms (Views: 29.1ms | ActiveRecord: 0.4ms)


Started GET "/session/new" for ::1 at 2020-03-25 15:02:44 -0700
Processing by SessionsController#new as HTML
  Rendering sessions/new.html.erb within layouts/application
  Rendered sessions/new.html.erb within layouts/application (0.4ms)
Completed 200 OK in 23ms (Views: 21.6ms | ActiveRecord: 0.0ms)


Started GET "/users" for ::1 at 2020-03-25 15:28:56 -0700
Processing by UsersController#index as HTML
  Rendering users/index.html.erb within layouts/application
  [1m[36mUser Load (0.7ms)[0m  [1m[34mSELECT  "users".* FROM "users" LIMIT $1[0m  [["LIMIT", 11]]
  ↳ app/controllers/users_controller.rb:5
  [1m[36mCACHE User Load (0.0ms)[0m  [1m[34mSELECT  "users".* FROM "users" LIMIT $1[0m  [["LIMIT", 11]]
  ↳ app/controllers/users_controller.rb:5
  Rendered users/index.html.erb within layouts/application (199.0ms)
Completed 500 Internal Server Error in 209ms (ActiveRecord: 7.9ms)


  [1m[36mCACHE User Load (0.0ms)[0m  [1m[34mSELECT  "users".* FROM "users" LIMIT $1[0m  [["LIMIT", 11]]
  ↳ /Users/josephdeng/.rbenv/versions/2.5.1/lib/ruby/gems/2.5.0/gems/activerecord-5.2.4.2/lib/active_record/log_subscriber.rb:98

NameError - undefined local variable or method `user' for #<UsersController:0x00007fe77187ac70>
Did you mean?  @users:
  app/controllers/application_controller.rb:16:in `current_user'
  app/controllers/application_controller.rb:21:in `logged_in?'
  app/views/users/index.html.erb:3:in `_app_views_users_index_html_erb___1238709961281219026_70316003376580'
  app/controllers/users_controller.rb:5:in `index'

Started POST "/__better_errors/90700df1c6c3e752/variables" for ::1 at 2020-03-25 15:28:56 -0700
  [1m[36mUser Load (2.3ms)[0m  [1m[34mSELECT  "users".* FROM "users" LIMIT $1[0m  [["LIMIT", 11]]
  ↳ /Users/josephdeng/.rbenv/versions/2.5.1/lib/ruby/gems/2.5.0/gems/activerecord-5.2.4.2/lib/active_record/log_subscriber.rb:98
  [1m[36mCACHE User Load (0.0ms)[0m  [1m[34mSELECT  "users".* FROM "users" LIMIT $1[0m  [["LIMIT", 11]]
  ↳ /Users/josephdeng/.rbenv/versions/2.5.1/lib/ruby/gems/2.5.0/gems/activerecord-5.2.4.2/lib/active_record/log_subscriber.rb:98
  [1m[36mCACHE User Load (0.0ms)[0m  [1m[34mSELECT  "users".* FROM "users" LIMIT $1[0m  [["LIMIT", 11]]
  ↳ /Users/josephdeng/.rbenv/versions/2.5.1/lib/ruby/gems/2.5.0/gems/activerecord-5.2.4.2/lib/active_record/log_subscriber.rb:98
  [1m[36mCACHE User Load (0.0ms)[0m  [1m[34mSELECT  "users".* FROM "users" LIMIT $1[0m  [["LIMIT", 11]]
  ↳ /Users/josephdeng/.rbenv/versions/2.5.1/lib/ruby/gems/2.5.0/gems/activerecord-5.2.4.2/lib/active_record/log_subscriber.rb:98
  [1m[36mCACHE User Load (0.0ms)[0m  [1m[34mSELECT  "users".* FROM "users" LIMIT $1[0m  [["LIMIT", 11]]
  ↳ /Users/josephdeng/.rbenv/versions/2.5.1/lib/ruby/gems/2.5.0/gems/activerecord-5.2.4.2/lib/active_record/log_subscriber.rb:98
  [1m[36mCACHE User Load (0.0ms)[0m  [1m[34mSELECT  "users".* FROM "users" LIMIT $1[0m  [["LIMIT", 11]]
  ↳ /Users/josephdeng/.rbenv/versions/2.5.1/lib/ruby/gems/2.5.0/gems/activerecord-5.2.4.2/lib/active_record/log_subscriber.rb:98
  [1m[36mCACHE User Load (0.0ms)[0m  [1m[34mSELECT  "users".* FROM "users" LIMIT $1[0m  [["LIMIT", 11]]
  ↳ /Users/josephdeng/.rbenv/versions/2.5.1/lib/ruby/gems/2.5.0/gems/activerecord-5.2.4.2/lib/active_record/log_subscriber.rb:98
  [1m[36mCACHE User Load (0.0ms)[0m  [1m[34mSELECT  "users".* FROM "users" LIMIT $1[0m  [["LIMIT", 11]]
  ↳ /Users/josephdeng/.rbenv/versions/2.5.1/lib/ruby/gems/2.5.0/gems/activerecord-5.2.4.2/lib/active_record/log_subscriber.rb:98
  [1m[36mCACHE User Load (0.0ms)[0m  [1m[34mSELECT  "users".* FROM "users" LIMIT $1[0m  [["LIMIT", 11]]
  ↳ /Users/josephdeng/.rbenv/versions/2.5.1/lib/ruby/gems/2.5.0/gems/activerecord-5.2.4.2/lib/active_record/log_subscriber.rb:98
  [1m[36mCACHE User Load (0.0ms)[0m  [1m[34mSELECT  "users".* FROM "users" LIMIT $1[0m  [["LIMIT", 11]]
  ↳ /Users/josephdeng/.rbenv/versions/2.5.1/lib/ruby/gems/2.5.0/gems/activerecord-5.2.4.2/lib/active_record/log_subscriber.rb:98
Started GET "/users" for ::1 at 2020-03-25 15:30:43 -0700
Processing by UsersController#index as HTML
  Rendering users/index.html.erb within layouts/application
  [1m[36mUser Load (0.4ms)[0m  [1m[34mSELECT  "users".* FROM "users" LIMIT $1[0m  [["LIMIT", 11]]
  ↳ app/controllers/users_controller.rb:5
  [1m[36mCACHE User Load (0.0ms)[0m  [1m[34mSELECT  "users".* FROM "users" LIMIT $1[0m  [["LIMIT", 11]]
  ↳ app/controllers/users_controller.rb:5
  [1m[36mCACHE User Load (0.0ms)[0m  [1m[34mSELECT  "users".* FROM "users" LIMIT $1[0m  [["LIMIT", 11]]
  ↳ app/controllers/users_controller.rb:5
  [1m[36mCACHE User Load (0.0ms)[0m  [1m[34mSELECT  "users".* FROM "users" LIMIT $1[0m  [["LIMIT", 11]]
  ↳ app/controllers/users_controller.rb:5
  [1m[36mCACHE User Load (0.0ms)[0m  [1m[34mSELECT  "users".* FROM "users" LIMIT $1[0m  [["LIMIT", 11]]
  ↳ app/controllers/users_controller.rb:5
  [1m[36mCACHE User Load (0.0ms)[0m  [1m[34mSELECT  "users".* FROM "users" LIMIT $1[0m  [["LIMIT", 11]]
  ↳ app/controllers/users_controller.rb:5
  [1m[36mCACHE User Load (0.0ms)[0m  [1m[34mSELECT  "users".* FROM "users" LIMIT $1[0m  [["LIMIT", 11]]
  ↳ app/controllers/users_controller.rb:5
  [1m[36mCACHE User Load (0.0ms)[0m  [1m[34mSELECT  "users".* FROM "users" LIMIT $1[0m  [["LIMIT", 11]]
  ↳ app/controllers/users_controller.rb:5
  [1m[36mCACHE User Load (0.0ms)[0m  [1m[34mSELECT  "users".* FROM "users" LIMIT $1[0m  [["LIMIT", 11]]
  ↳ app/controllers/users_controller.rb:5
  [1m[36mCACHE User Load (0.0ms)[0m  [1m[34mSELECT  "users".* FROM "users" LIMIT $1[0m  [["LIMIT", 11]]
  ↳ app/controllers/users_controller.rb:5
  [1m[36mCACHE User Load (0.0ms)[0m  [1m[34mSELECT  "users".* FROM "users" LIMIT $1[0m  [["LIMIT", 11]]
  ↳ app/controllers/users_controller.rb:5
  [1m[36mCACHE User Load (0.0ms)[0m  [1m[34mSELECT  "users".* FROM "users" LIMIT $1[0m  [["LIMIT", 11]]
  ↳ app/controllers/users_controller.rb:5
  [1m[36mCACHE User Load (0.0ms)[0m  [1m[34mSELECT  "users".* FROM "users" LIMIT $1[0m  [["LIMIT", 11]]
  ↳ app/controllers/users_controller.rb:5
  [1m[36mCACHE User Load (0.0ms)[0m  [1m[34mSELECT  "users".* FROM "users" LIMIT $1[0m  [["LIMIT", 11]]
  ↳ app/controllers/users_controller.rb:5
  [1m[36mCACHE User Load (0.0ms)[0m  [1m[34mSELECT  "users".* FROM "users" LIMIT $1[0m  [["LIMIT", 11]]
  ↳ app/controllers/users_controller.rb:5
  [1m[36mCACHE User Load (0.0ms)[0m  [1m[34mSELECT  "users".* FROM "users" LIMIT $1[0m  [["LIMIT", 11]]
  ↳ app/controllers/users_controller.rb:5
  [1m[36mCACHE User Load (0.0ms)[0m  [1m[34mSELECT  "users".* FROM "users" LIMIT $1[0m  [["LIMIT", 11]]
  ↳ app/controllers/users_controller.rb:5
  [1m[36mCACHE User Load (0.0ms)[0m  [1m[34mSELECT  "users".* FROM "users" LIMIT $1[0m  [["LIMIT", 11]]
  ↳ app/controllers/users_controller.rb:5
  Rendered users/index.html.erb within layouts/application (278.8ms)
Completed 500 Internal Server Error in 288ms (ActiveRecord: 4.8ms)


  [1m[36mCACHE User Load (0.0ms)[0m  [1m[34mSELECT  "users".* FROM "users" LIMIT $1[0m  [["LIMIT", 11]]
  ↳ /Users/josephdeng/.rbenv/versions/2.5.1/lib/ruby/gems/2.5.0/gems/activerecord-5.2.4.2/lib/active_record/log_subscriber.rb:98
  [1m[36mCACHE User Load (0.0ms)[0m  [1m[34mSELECT  "users".* FROM "users" LIMIT $1[0m  [["LIMIT", 11]]
  ↳ /Users/josephdeng/.rbenv/versions/2.5.1/lib/ruby/gems/2.5.0/gems/activerecord-5.2.4.2/lib/active_record/log_subscriber.rb:98
  [1m[36mCACHE User Load (0.0ms)[0m  [1m[34mSELECT  "users".* FROM "users" LIMIT $1[0m  [["LIMIT", 11]]
  ↳ /Users/josephdeng/.rbenv/versions/2.5.1/lib/ruby/gems/2.5.0/gems/activerecord-5.2.4.2/lib/active_record/log_subscriber.rb:98
  [1m[36mCACHE User Load (0.0ms)[0m  [1m[34mSELECT  "users".* FROM "users" LIMIT $1[0m  [["LIMIT", 11]]
  ↳ /Users/josephdeng/.rbenv/versions/2.5.1/lib/ruby/gems/2.5.0/gems/activerecord-5.2.4.2/lib/active_record/log_subscriber.rb:98
  [1m[36mCACHE User Load (0.0ms)[0m  [1m[34mSELECT  "users".* FROM "users" LIMIT $1[0m  [["LIMIT", 11]]
  ↳ /Users/josephdeng/.rbenv/versions/2.5.1/lib/ruby/gems/2.5.0/gems/activerecord-5.2.4.2/lib/active_record/log_subscriber.rb:98
  [1m[36mCACHE User Load (0.0ms)[0m  [1m[34mSELECT  "users".* FROM "users" LIMIT $1[0m  [["LIMIT", 11]]
  ↳ /Users/josephdeng/.rbenv/versions/2.5.1/lib/ruby/gems/2.5.0/gems/activerecord-5.2.4.2/lib/active_record/log_subscriber.rb:98
  [1m[36mCACHE User Load (0.0ms)[0m  [1m[34mSELECT  "users".* FROM "users" LIMIT $1[0m  [["LIMIT", 11]]
  ↳ /Users/josephdeng/.rbenv/versions/2.5.1/lib/ruby/gems/2.5.0/gems/activerecord-5.2.4.2/lib/active_record/log_subscriber.rb:98
  [1m[36mCACHE User Load (0.0ms)[0m  [1m[34mSELECT  "users".* FROM "users" LIMIT $1[0m  [["LIMIT", 11]]
  ↳ /Users/josephdeng/.rbenv/versions/2.5.1/lib/ruby/gems/2.5.0/gems/activerecord-5.2.4.2/lib/active_record/log_subscriber.rb:98
  [1m[36mCACHE User Load (0.0ms)[0m  [1m[34mSELECT  "users".* FROM "users" LIMIT $1[0m  [["LIMIT", 11]]
  ↳ /Users/josephdeng/.rbenv/versions/2.5.1/lib/ruby/gems/2.5.0/gems/activerecord-5.2.4.2/lib/active_record/log_subscriber.rb:98

NameError - undefined local variable or method `session_token' for #<UsersController:0x00007fe76fafa3a8>
Did you mean?  session:
  app/controllers/application_controller.rb:17:in `current_user'
  app/controllers/application_controller.rb:21:in `logged_in?'
  app/views/users/index.html.erb:3:in `_app_views_users_index_html_erb___1238709961281219026_70315957292200'
  app/controllers/users_controller.rb:5:in `index'

Started POST "/__better_errors/aac0d21036bd4e67/variables" for ::1 at 2020-03-25 15:30:43 -0700
  [1m[36mUser Load (2.1ms)[0m  [1m[34mSELECT  "users".* FROM "users" LIMIT $1[0m  [["LIMIT", 11]]
  ↳ /Users/josephdeng/.rbenv/versions/2.5.1/lib/ruby/gems/2.5.0/gems/activerecord-5.2.4.2/lib/active_record/log_subscriber.rb:98
  [1m[36mCACHE User Load (0.0ms)[0m  [1m[34mSELECT  "users".* FROM "users" LIMIT $1[0m  [["LIMIT", 11]]
  ↳ /Users/josephdeng/.rbenv/versions/2.5.1/lib/ruby/gems/2.5.0/gems/activerecord-5.2.4.2/lib/active_record/log_subscriber.rb:98
  [1m[36mCACHE User Load (0.0ms)[0m  [1m[34mSELECT  "users".* FROM "users" LIMIT $1[0m  [["LIMIT", 11]]
  ↳ /Users/josephdeng/.rbenv/versions/2.5.1/lib/ruby/gems/2.5.0/gems/activerecord-5.2.4.2/lib/active_record/log_subscriber.rb:98
  [1m[36mCACHE User Load (0.0ms)[0m  [1m[34mSELECT  "users".* FROM "users" LIMIT $1[0m  [["LIMIT", 11]]
  ↳ /Users/josephdeng/.rbenv/versions/2.5.1/lib/ruby/gems/2.5.0/gems/activerecord-5.2.4.2/lib/active_record/log_subscriber.rb:98
  [1m[36mCACHE User Load (0.0ms)[0m  [1m[34mSELECT  "users".* FROM "users" LIMIT $1[0m  [["LIMIT", 11]]
  ↳ /Users/josephdeng/.rbenv/versions/2.5.1/lib/ruby/gems/2.5.0/gems/activerecord-5.2.4.2/lib/active_record/log_subscriber.rb:98
  [1m[36mCACHE User Load (0.0ms)[0m  [1m[34mSELECT  "users".* FROM "users" LIMIT $1[0m  [["LIMIT", 11]]
  ↳ /Users/josephdeng/.rbenv/versions/2.5.1/lib/ruby/gems/2.5.0/gems/activerecord-5.2.4.2/lib/active_record/log_subscriber.rb:98
  [1m[36mCACHE User Load (0.0ms)[0m  [1m[34mSELECT  "users".* FROM "users" LIMIT $1[0m  [["LIMIT", 11]]
  ↳ /Users/josephdeng/.rbenv/versions/2.5.1/lib/ruby/gems/2.5.0/gems/activerecord-5.2.4.2/lib/active_record/log_subscriber.rb:98
  [1m[36mCACHE User Load (0.0ms)[0m  [1m[34mSELECT  "users".* FROM "users" LIMIT $1[0m  [["LIMIT", 11]]
  ↳ /Users/josephdeng/.rbenv/versions/2.5.1/lib/ruby/gems/2.5.0/gems/activerecord-5.2.4.2/lib/active_record/log_subscriber.rb:98
  [1m[36mCACHE User Load (0.0ms)[0m  [1m[34mSELECT  "users".* FROM "users" LIMIT $1[0m  [["LIMIT", 11]]
  ↳ /Users/josephdeng/.rbenv/versions/2.5.1/lib/ruby/gems/2.5.0/gems/activerecord-5.2.4.2/lib/active_record/log_subscriber.rb:98
  [1m[36mCACHE User Load (0.0ms)[0m  [1m[34mSELECT  "users".* FROM "users" LIMIT $1[0m  [["LIMIT", 11]]
  ↳ /Users/josephdeng/.rbenv/versions/2.5.1/lib/ruby/gems/2.5.0/gems/activerecord-5.2.4.2/lib/active_record/log_subscriber.rb:98
Started GET "/users" for ::1 at 2020-03-25 15:32:05 -0700

SyntaxError - syntax error, unexpected ')', expecting ']'
..._token: session[:session_token)
...                              ^
/Users/josephdeng/Desktop/music_app/app/controllers/application_controller.rb:27: syntax error, unexpected end-of-input, expecting keyword_end:
  app/controllers/application_controller.rb:17:in `'
  app/controllers/users_controller.rb:1:in `<top (required)>'

Started POST "/__better_errors/79da028615edaebb/variables" for ::1 at 2020-03-25 15:32:05 -0700
Started GET "/users" for ::1 at 2020-03-25 15:33:53 -0700
Processing by UsersController#index as HTML
  Rendering users/index.html.erb within layouts/application
  [1m[36mUser Load (0.2ms)[0m  [1m[34mSELECT  "users".* FROM "users" WHERE "users"."session_token" = $1 LIMIT $2[0m  [["session_token", "TyhKNIiTjYM4qLYKL_zy8w"], ["LIMIT", 1]]
  ↳ app/controllers/application_controller.rb:17
  Rendered users/index.html.erb within layouts/application (4.0ms)
Completed 200 OK in 24ms (Views: 19.1ms | ActiveRecord: 1.7ms)


Started GET "/session/new" for ::1 at 2020-03-25 15:34:07 -0700
Processing by SessionsController#new as HTML
  Rendering sessions/new.html.erb within layouts/application
  Rendered sessions/new.html.erb within layouts/application (0.5ms)
Completed 200 OK in 30ms (Views: 29.4ms | ActiveRecord: 0.0ms)


Started GET "/session/new?user%5Bemail%5D=joe%40web.io&user%5Bpassword%5D=[FILTERED]" for ::1 at 2020-03-25 15:34:17 -0700
Processing by SessionsController#new as HTML
  Parameters: {"user"=>{"email"=>"joe@web.io", "password"=>"[FILTERED]"}}
  Rendering sessions/new.html.erb within layouts/application
  Rendered sessions/new.html.erb within layouts/application (0.4ms)
Completed 200 OK in 22ms (Views: 21.6ms | ActiveRecord: 0.0ms)


Started GET "/session/new?user%5Bemail%5D=bob%40email.com&user%5Bpassword%5D=[FILTERED]" for ::1 at 2020-03-25 15:36:18 -0700
Processing by SessionsController#new as HTML
  Parameters: {"user"=>{"email"=>"bob@email.com", "password"=>"[FILTERED]"}}
  Rendering sessions/new.html.erb within layouts/application
  Rendered sessions/new.html.erb within layouts/application (1.1ms)
Completed 200 OK in 38ms (Views: 37.1ms | ActiveRecord: 0.0ms)


Started GET "/session/new" for ::1 at 2020-03-25 15:36:36 -0700
Processing by SessionsController#new as HTML
  Rendering sessions/new.html.erb within layouts/application
  Rendered sessions/new.html.erb within layouts/application (0.8ms)
Completed 200 OK in 45ms (Views: 44.4ms | ActiveRecord: 0.0ms)


Started GET "/users/new" for ::1 at 2020-03-25 15:36:44 -0700
Processing by UsersController#new as HTML
  Rendering users/new.html.erb within layouts/application
  Rendered users/new.html.erb within layouts/application (0.5ms)
Completed 200 OK in 45ms (Views: 31.9ms | ActiveRecord: 4.4ms)


Started POST "/users" for ::1 at 2020-03-25 15:37:08 -0700
Processing by UsersController#create as HTML
  Parameters: {"user"=>{"email"=>"mike@aa.io", "password"=>"[FILTERED]"}}
  [1m[35m (0.2ms)[0m  [1m[35mBEGIN[0m
  ↳ app/controllers/users_controller.rb:24
  [1m[36mUser Exists (0.4ms)[0m  [1m[34mSELECT  1 AS one FROM "users" WHERE "users"."email" = $1 LIMIT $2[0m  [["email", "mike@aa.io"], ["LIMIT", 1]]
  ↳ app/controllers/users_controller.rb:24
  [1m[36mUser Exists (0.3ms)[0m  [1m[34mSELECT  1 AS one FROM "users" WHERE "users"."session_token" = $1 LIMIT $2[0m  [["session_token", "askaYKZsmT-WwTygeP6Jew"], ["LIMIT", 1]]
  ↳ app/controllers/users_controller.rb:24
  [1m[36mUser Create (0.4ms)[0m  [1m[32mINSERT INTO "users" ("email", "password_digest", "session_token", "created_at", "updated_at") VALUES ($1, $2, $3, $4, $5) RETURNING "id"[0m  [["email", "mike@aa.io"], ["password_digest", "$2a$12$H7Pb5e6zvi1x831itJso6ugBhGtdp99/Islxm1C0dXhBasJI08d3."], ["session_token", "askaYKZsmT-WwTygeP6Jew"], ["created_at", "2020-03-25 22:37:08.641487"], ["updated_at", "2020-03-25 22:37:08.641487"]]
  ↳ app/controllers/users_controller.rb:24
  [1m[35m (5.9ms)[0m  [1m[35mCOMMIT[0m
  ↳ app/controllers/users_controller.rb:24
Redirected to http://localhost:3000/users
Completed 302 Found in 231ms (ActiveRecord: 7.3ms)


Started GET "/users" for ::1 at 2020-03-25 15:37:08 -0700
Processing by UsersController#index as HTML
  Rendering users/index.html.erb within layouts/application
  [1m[36mUser Load (0.3ms)[0m  [1m[34mSELECT  "users".* FROM "users" WHERE "users"."session_token" = $1 LIMIT $2[0m  [["session_token", "HTpC_DmQPktFARIs6HLacA"], ["LIMIT", 1]]
  ↳ app/controllers/application_controller.rb:17
  Rendered users/index.html.erb within layouts/application (1.5ms)
Completed 200 OK in 43ms (Views: 42.5ms | ActiveRecord: 0.3ms)


Started GET "/users" for ::1 at 2020-03-25 15:47:47 -0700
Processing by UsersController#index as HTML
  Rendering users/index.html.erb within layouts/application
  [1m[36mUser Load (0.5ms)[0m  [1m[34mSELECT  "users".* FROM "users" WHERE "users"."session_token" = $1 LIMIT $2[0m  [["session_token", "HTpC_DmQPktFARIs6HLacA"], ["LIMIT", 1]]
  ↳ app/controllers/application_controller.rb:17
  Rendered users/index.html.erb within layouts/application (3.7ms)
Completed 200 OK in 35ms (Views: 33.5ms | ActiveRecord: 0.7ms)


Started GET "/users" for ::1 at 2020-03-25 15:48:35 -0700
Processing by UsersController#index as HTML
  Rendering users/index.html.erb within layouts/application
  Rendered users/index.html.erb within layouts/application (4.5ms)
Completed 500 Internal Server Error in 15ms (ActiveRecord: 0.0ms)



RuntimeError - :
  app/controllers/application_controller.rb:21:in `logged_in?'
  app/views/users/index.html.erb:3:in `_app_views_users_index_html_erb___1238709961281219026_70316003778740'
  app/controllers/users_controller.rb:5:in `index'

Started POST "/__better_errors/4bda3b38f86c00a6/variables" for ::1 at 2020-03-25 15:48:35 -0700
  [1m[36mUser Load (0.4ms)[0m  [1m[34mSELECT  "users".* FROM "users" LIMIT $1[0m  [["LIMIT", 11]]
  ↳ /Users/josephdeng/.rbenv/versions/2.5.1/lib/ruby/gems/2.5.0/gems/activerecord-5.2.4.2/lib/active_record/log_subscriber.rb:98
  [1m[36mCACHE User Load (0.0ms)[0m  [1m[34mSELECT  "users".* FROM "users" LIMIT $1[0m  [["LIMIT", 11]]
  ↳ /Users/josephdeng/.rbenv/versions/2.5.1/lib/ruby/gems/2.5.0/gems/activerecord-5.2.4.2/lib/active_record/log_subscriber.rb:98
  [1m[36mCACHE User Load (0.0ms)[0m  [1m[34mSELECT  "users".* FROM "users" LIMIT $1[0m  [["LIMIT", 11]]
  ↳ /Users/josephdeng/.rbenv/versions/2.5.1/lib/ruby/gems/2.5.0/gems/activerecord-5.2.4.2/lib/active_record/log_subscriber.rb:98
  [1m[36mCACHE User Load (0.0ms)[0m  [1m[34mSELECT  "users".* FROM "users" LIMIT $1[0m  [["LIMIT", 11]]
  ↳ /Users/josephdeng/.rbenv/versions/2.5.1/lib/ruby/gems/2.5.0/gems/activerecord-5.2.4.2/lib/active_record/log_subscriber.rb:98
Started POST "/__better_errors/4bda3b38f86c00a6/eval" for ::1 at 2020-03-25 15:48:48 -0700
  [1m[36mUser Load (0.4ms)[0m  [1m[34mSELECT  "users".* FROM "users" WHERE "users"."session_token" = $1 LIMIT $2[0m  [["session_token", "HTpC_DmQPktFARIs6HLacA"], ["LIMIT", 1]]
  ↳ app/controllers/application_controller.rb:17
Started POST "/__better_errors/4bda3b38f86c00a6/eval" for ::1 at 2020-03-25 15:50:11 -0700
Started POST "/__better_errors/4bda3b38f86c00a6/eval" for ::1 at 2020-03-25 15:50:20 -0700
Started GET "/users/new" for ::1 at 2020-03-25 15:55:14 -0700
Processing by UsersController#new as HTML
  Rendering users/new.html.erb within layouts/application
  Rendered users/new.html.erb within layouts/application (0.5ms)
Completed 200 OK in 44ms (Views: 24.5ms | ActiveRecord: 8.9ms)


Started POST "/users" for ::1 at 2020-03-25 15:55:33 -0700
Processing by UsersController#create as HTML
  Parameters: {"user"=>{"email"=>"andy@app.io", "password"=>"[FILTERED]"}}
  [1m[35m (0.1ms)[0m  [1m[35mBEGIN[0m
  ↳ app/controllers/users_controller.rb:24
  [1m[36mUser Exists (1.0ms)[0m  [1m[34mSELECT  1 AS one FROM "users" WHERE "users"."email" = $1 LIMIT $2[0m  [["email", "andy@app.io"], ["LIMIT", 1]]
  ↳ app/controllers/users_controller.rb:24
  [1m[36mUser Exists (0.3ms)[0m  [1m[34mSELECT  1 AS one FROM "users" WHERE "users"."session_token" = $1 LIMIT $2[0m  [["session_token", "oCkysY5glvaxdumOB3pbmQ"], ["LIMIT", 1]]
  ↳ app/controllers/users_controller.rb:24
  [1m[36mUser Create (0.6ms)[0m  [1m[32mINSERT INTO "users" ("email", "password_digest", "session_token", "created_at", "updated_at") VALUES ($1, $2, $3, $4, $5) RETURNING "id"[0m  [["email", "andy@app.io"], ["password_digest", "$2a$12$Is9V3ULOBmNkfSNE1Ix2qOpqxIle2HNshqifeCaqJLLk64Adx2ihO"], ["session_token", "oCkysY5glvaxdumOB3pbmQ"], ["created_at", "2020-03-25 22:55:33.852291"], ["updated_at", "2020-03-25 22:55:33.852291"]]
  ↳ app/controllers/users_controller.rb:24
  [1m[35m (6.4ms)[0m  [1m[35mCOMMIT[0m
  ↳ app/controllers/users_controller.rb:24
Completed 500 Internal Server Error in 232ms (ActiveRecord: 8.5ms)



RuntimeError - :
  app/controllers/application_controller.rb:7:in `login!'
  app/controllers/users_controller.rb:25:in `create'

Started POST "/__better_errors/5ea4f3282a6d579c/variables" for ::1 at 2020-03-25 15:55:33 -0700
Started POST "/__better_errors/5ea4f3282a6d579c/eval" for ::1 at 2020-03-25 15:55:40 -0700
Started POST "/__better_errors/5ea4f3282a6d579c/eval" for ::1 at 2020-03-25 15:56:14 -0700
Started POST "/__better_errors/5ea4f3282a6d579c/eval" for ::1 at 2020-03-25 15:56:24 -0700
Started POST "/__better_errors/5ea4f3282a6d579c/eval" for ::1 at 2020-03-25 15:56:53 -0700
  [1m[36mUser Load (0.3ms)[0m  [1m[34mSELECT  "users".* FROM "users" WHERE "users"."session_token" = $1 LIMIT $2[0m  [["session_token", "o1Oh2HKe_tlKpst-GHdN1w"], ["LIMIT", 1]]
  ↳ app/controllers/application_controller.rb:18
Started POST "/__better_errors/5ea4f3282a6d579c/eval" for ::1 at 2020-03-25 15:58:06 -0700
  [1m[36mUser Load (0.7ms)[0m  [1m[34mSELECT  "users".* FROM "users" WHERE "users"."session_token" = $1 LIMIT $2[0m  [["session_token", "o1Oh2HKe_tlKpst-GHdN1w"], ["LIMIT", 1]]
  ↳ app/controllers/application_controller.rb:7
Started POST "/__better_errors/5ea4f3282a6d579c/eval" for ::1 at 2020-03-25 15:59:30 -0700
Started POST "/__better_errors/5ea4f3282a6d579c/eval" for ::1 at 2020-03-25 16:06:22 -0700
  [1m[36mUser Load (0.6ms)[0m  [1m[34mSELECT  "users".* FROM "users" WHERE "users"."email" = $1 LIMIT $2[0m  [["email", "andy@app.io"], ["LIMIT", 1]]
  ↳ app/controllers/application_controller.rb:7
Started POST "/__better_errors/5ea4f3282a6d579c/eval" for ::1 at 2020-03-25 16:06:58 -0700
  [1m[36mUser Load (0.2ms)[0m  [1m[34mSELECT  "users".* FROM "users" WHERE "users"."session_token" = $1 LIMIT $2[0m  [["session_token", "o1Oh2HKe_tlKpst-GHdN1w"], ["LIMIT", 1]]
  ↳ app/controllers/application_controller.rb:7
Started POST "/__better_errors/5ea4f3282a6d579c/eval" for ::1 at 2020-03-25 16:07:15 -0700
  [1m[36mUser Load (0.3ms)[0m  [1m[34mSELECT  "users".* FROM "users" WHERE "users"."session_token" = $1 LIMIT $2[0m  [["session_token", "o1Oh2HKe_tlKpst-GHdN1w"], ["LIMIT", 1]]
  ↳ app/controllers/application_controller.rb:7
Started POST "/__better_errors/5ea4f3282a6d579c/eval" for ::1 at 2020-03-25 16:07:30 -0700
  [1m[36mUser Load (0.4ms)[0m  [1m[34mSELECT  "users".* FROM "users" WHERE "users"."email" = $1 LIMIT $2[0m  [["email", "andy@app.io"], ["LIMIT", 1]]
  ↳ app/controllers/application_controller.rb:7
Started POST "/__better_errors/5ea4f3282a6d579c/eval" for ::1 at 2020-03-25 16:07:33 -0700
Started POST "/__better_errors/5ea4f3282a6d579c/eval" for ::1 at 2020-03-25 16:07:44 -0700
  [1m[36mUser Load (0.3ms)[0m  [1m[34mSELECT  "users".* FROM "users" WHERE "users"."email" = $1 LIMIT $2[0m  [["email", "andy@app.io"], ["LIMIT", 1]]
  ↳ app/controllers/application_controller.rb:7
Started POST "/__better_errors/5ea4f3282a6d579c/eval" for ::1 at 2020-03-25 16:07:53 -0700
Started POST "/__better_errors/5ea4f3282a6d579c/eval" for ::1 at 2020-03-25 16:08:58 -0700
  [1m[36mUser Load (0.3ms)[0m  [1m[34mSELECT  "users".* FROM "users" WHERE "users"."session_token" = $1 LIMIT $2[0m  [["session_token", "oCkysY5glvaxdumOB3pbmQ"], ["LIMIT", 1]]
  ↳ app/controllers/application_controller.rb:7
Started POST "/users" for ::1 at 2020-03-25 16:15:27 -0700
Processing by UsersController#create as HTML
  Parameters: {"user"=>{"email"=>"andy@app.io", "password"=>"[FILTERED]"}}
  [1m[35m (0.2ms)[0m  [1m[35mBEGIN[0m
  ↳ app/controllers/users_controller.rb:24
  [1m[36mUser Exists (0.9ms)[0m  [1m[34mSELECT  1 AS one FROM "users" WHERE "users"."email" = $1 LIMIT $2[0m  [["email", "andy@app.io"], ["LIMIT", 1]]
  ↳ app/controllers/users_controller.rb:24
  [1m[36mUser Exists (0.3ms)[0m  [1m[34mSELECT  1 AS one FROM "users" WHERE "users"."session_token" = $1 LIMIT $2[0m  [["session_token", "XJDQobHwzW0PNVqC6C8OKw"], ["LIMIT", 1]]
  ↳ app/controllers/users_controller.rb:24
  [1m[35m (0.1ms)[0m  [1m[31mROLLBACK[0m
  ↳ app/controllers/users_controller.rb:24
  Rendering users/new.html.erb within layouts/application
  Rendered users/new.html.erb within layouts/application (0.4ms)
Completed 200 OK in 275ms (Views: 35.9ms | ActiveRecord: 10.3ms)


Started POST "/users" for ::1 at 2020-03-25 16:16:07 -0700
Processing by UsersController#create as HTML
  Parameters: {"user"=>{"email"=>"vanassa@aao.io", "password"=>"[FILTERED]"}}
  [1m[35m (0.2ms)[0m  [1m[35mBEGIN[0m
  ↳ app/controllers/users_controller.rb:24
  [1m[36mUser Exists (0.3ms)[0m  [1m[34mSELECT  1 AS one FROM "users" WHERE "users"."email" = $1 LIMIT $2[0m  [["email", "vanassa@aao.io"], ["LIMIT", 1]]
  ↳ app/controllers/users_controller.rb:24
  [1m[36mUser Exists (0.3ms)[0m  [1m[34mSELECT  1 AS one FROM "users" WHERE "users"."session_token" = $1 LIMIT $2[0m  [["session_token", "Jd7TesVgB_lyuWUVsLncKg"], ["LIMIT", 1]]
  ↳ app/controllers/users_controller.rb:24
  [1m[36mUser Create (0.5ms)[0m  [1m[32mINSERT INTO "users" ("email", "password_digest", "session_token", "created_at", "updated_at") VALUES ($1, $2, $3, $4, $5) RETURNING "id"[0m  [["email", "vanassa@aao.io"], ["password_digest", "$2a$12$r33H65dsU.OsYzYp3y4preXRMsZSd754fHEEb.twSXSgEjSX4Mefm"], ["session_token", "Jd7TesVgB_lyuWUVsLncKg"], ["created_at", "2020-03-25 23:16:07.986753"], ["updated_at", "2020-03-25 23:16:07.986753"]]
  ↳ app/controllers/users_controller.rb:24
  [1m[35m (5.9ms)[0m  [1m[35mCOMMIT[0m
  ↳ app/controllers/users_controller.rb:24
  [1m[35m (0.5ms)[0m  [1m[35mBEGIN[0m
  ↳ app/models/user.rb:33
  [1m[36mUser Exists (0.7ms)[0m  [1m[34mSELECT  1 AS one FROM "users" WHERE "users"."email" = $1 AND "users"."id" != $2 LIMIT $3[0m  [["email", "vanassa@aao.io"], ["id", 6], ["LIMIT", 1]]
  ↳ app/models/user.rb:33
  [1m[36mUser Exists (0.5ms)[0m  [1m[34mSELECT  1 AS one FROM "users" WHERE "users"."session_token" = $1 AND "users"."id" != $2 LIMIT $3[0m  [["session_token", "7xYu-K8xI7TVlH494YBRMg"], ["id", 6], ["LIMIT", 1]]
  ↳ app/models/user.rb:33
  [1m[36mUser Update (1.7ms)[0m  [1m[33mUPDATE "users" SET "session_token" = $1, "updated_at" = $2 WHERE "users"."id" = $3[0m  [["session_token", "7xYu-K8xI7TVlH494YBRMg"], ["updated_at", "2020-03-25 23:16:08.000566"], ["id", 6]]
  ↳ app/models/user.rb:33
  [1m[35m (0.4ms)[0m  [1m[35mCOMMIT[0m
  ↳ app/models/user.rb:33
Redirected to http://localhost:3000/users
Completed 302 Found in 236ms (ActiveRecord: 11.1ms)


Started GET "/users" for ::1 at 2020-03-25 16:16:08 -0700
Processing by UsersController#index as HTML
  Rendering users/index.html.erb within layouts/application
  [1m[36mUser Load (2.0ms)[0m  [1m[34mSELECT  "users".* FROM "users" WHERE "users"."session_token" = $1 LIMIT $2[0m  [["session_token", "7xYu-K8xI7TVlH494YBRMg"], ["LIMIT", 1]]
  ↳ app/controllers/application_controller.rb:17
  [1m[36mUser Load (0.8ms)[0m  [1m[34mSELECT "users".* FROM "users"[0m
  ↳ app/views/users/index.html.erb:4
  Rendered users/index.html.erb within layouts/application (13.9ms)
Completed 200 OK in 46ms (Views: 41.7ms | ActiveRecord: 3.8ms)


Started GET "/users/new" for ::1 at 2020-03-25 16:35:47 -0700
Processing by UsersController#new as HTML
  Rendering users/new.html.erb within layouts/application
  Rendered users/_form.html.erb (0.5ms)
  Rendered users/new.html.erb within layouts/application (2.3ms)
Completed 200 OK in 37ms (Views: 21.1ms | ActiveRecord: 8.1ms)


Started GET "/users/new" for ::1 at 2020-03-25 16:36:40 -0700
Processing by UsersController#new as HTML
  Rendering users/new.html.erb within layouts/application
  Rendered users/_form.html.erb (0.6ms)
  Rendered users/new.html.erb within layouts/application (3.3ms)
Completed 200 OK in 21ms (Views: 20.5ms | ActiveRecord: 0.0ms)


Started POST "/users" for ::1 at 2020-03-25 16:37:24 -0700
Processing by UsersController#create as HTML
  Parameters: {"user"=>{"email"=>"steve@gmail.com", "password"=>"[FILTERED]"}}
  [1m[35m (0.3ms)[0m  [1m[35mBEGIN[0m
  ↳ app/controllers/users_controller.rb:29
  [1m[36mUser Exists (1.0ms)[0m  [1m[34mSELECT  1 AS one FROM "users" WHERE "users"."email" = $1 LIMIT $2[0m  [["email", "steve@gmail.com"], ["LIMIT", 1]]
  ↳ app/controllers/users_controller.rb:29
  [1m[36mUser Exists (0.3ms)[0m  [1m[34mSELECT  1 AS one FROM "users" WHERE "users"."session_token" = $1 LIMIT $2[0m  [["session_token", "GynUEmc8aW-jkGHPKLZoGw"], ["LIMIT", 1]]
  ↳ app/controllers/users_controller.rb:29
  [1m[36mUser Create (0.7ms)[0m  [1m[32mINSERT INTO "users" ("email", "password_digest", "session_token", "created_at", "updated_at") VALUES ($1, $2, $3, $4, $5) RETURNING "id"[0m  [["email", "steve@gmail.com"], ["password_digest", "$2a$12$3GNzb2.IUdr27ObW0.J0yedIvPQrYmDS40QnnhexVSr37sT8ynxQq"], ["session_token", "GynUEmc8aW-jkGHPKLZoGw"], ["created_at", "2020-03-25 23:37:24.296418"], ["updated_at", "2020-03-25 23:37:24.296418"]]
  ↳ app/controllers/users_controller.rb:29
  [1m[35m (0.4ms)[0m  [1m[35mCOMMIT[0m
  ↳ app/controllers/users_controller.rb:29
  [1m[35m (0.1ms)[0m  [1m[35mBEGIN[0m
  ↳ app/models/user.rb:33
  [1m[36mUser Exists (0.5ms)[0m  [1m[34mSELECT  1 AS one FROM "users" WHERE "users"."email" = $1 AND "users"."id" != $2 LIMIT $3[0m  [["email", "steve@gmail.com"], ["id", 7], ["LIMIT", 1]]
  ↳ app/models/user.rb:33
  [1m[36mUser Exists (0.3ms)[0m  [1m[34mSELECT  1 AS one FROM "users" WHERE "users"."session_token" = $1 AND "users"."id" != $2 LIMIT $3[0m  [["session_token", "h3ah-w5bOwS7zTtfRtYOCQ"], ["id", 7], ["LIMIT", 1]]
  ↳ app/models/user.rb:33
  [1m[36mUser Update (1.5ms)[0m  [1m[33mUPDATE "users" SET "session_token" = $1, "updated_at" = $2 WHERE "users"."id" = $3[0m  [["session_token", "h3ah-w5bOwS7zTtfRtYOCQ"], ["updated_at", "2020-03-25 23:37:24.305426"], ["id", 7]]
  ↳ app/models/user.rb:33
  [1m[35m (0.4ms)[0m  [1m[35mCOMMIT[0m
  ↳ app/models/user.rb:33
Redirected to http://localhost:3000/users
Completed 302 Found in 240ms (ActiveRecord: 5.5ms)


Started GET "/users" for ::1 at 2020-03-25 16:37:24 -0700
Processing by UsersController#index as HTML
  Rendering users/index.html.erb within layouts/application
  [1m[36mUser Load (0.3ms)[0m  [1m[34mSELECT  "users".* FROM "users" WHERE "users"."session_token" = $1 LIMIT $2[0m  [["session_token", "h3ah-w5bOwS7zTtfRtYOCQ"], ["LIMIT", 1]]
  ↳ app/controllers/application_controller.rb:17
  [1m[36mUser Load (0.5ms)[0m  [1m[34mSELECT "users".* FROM "users"[0m
  ↳ app/views/users/index.html.erb:4
  Rendered users/index.html.erb within layouts/application (8.2ms)
Completed 500 Internal Server Error in 15ms (ActiveRecord: 1.1ms)



ActionController::UrlGenerationError - No route matches {:action=>"edit", :controller=>"users"}, missing required keys: [:id]:
  app/views/users/index.html.erb:8:in `block in _app_views_users_index_html_erb___1238709961281219026_70315995162500'
  app/views/users/index.html.erb:4:in `_app_views_users_index_html_erb___1238709961281219026_70315995162500'
  app/controllers/users_controller.rb:5:in `index'

Started POST "/__better_errors/9f861577b18d8491/variables" for ::1 at 2020-03-25 16:37:24 -0700
Started GET "/users" for ::1 at 2020-03-25 16:38:13 -0700
Processing by UsersController#index as HTML
  Rendering users/index.html.erb within layouts/application
  [1m[36mUser Load (0.6ms)[0m  [1m[34mSELECT  "users".* FROM "users" WHERE "users"."session_token" = $1 LIMIT $2[0m  [["session_token", "h3ah-w5bOwS7zTtfRtYOCQ"], ["LIMIT", 1]]
  ↳ app/controllers/application_controller.rb:17
  [1m[36mUser Load (1.8ms)[0m  [1m[34mSELECT "users".* FROM "users"[0m
  ↳ app/views/users/index.html.erb:4
  Rendered users/index.html.erb within layouts/application (6.3ms)
Completed 200 OK in 28ms (Views: 25.2ms | ActiveRecord: 2.4ms)


Started GET "/users/1/edit" for ::1 at 2020-03-25 16:40:08 -0700
Processing by UsersController#edit as HTML
  Parameters: {"id"=>"1"}
  Rendering users/edit.html.erb within layouts/application
  Rendered users/_form.html.erb (3.5ms)
  Rendered users/edit.html.erb within layouts/application (5.3ms)
Completed 500 Internal Server Error in 11ms (ActiveRecord: 0.0ms)



ActionController::UrlGenerationError - No route matches {:action=>"show", :controller=>"users", :id=>nil}, missing required keys: [:id]:
  app/views/users/_form.html.erb:1:in `_app_views_users__form_html_erb__645101196059049745_70316003810920'
  app/views/users/edit.html.erb:1:in `_app_views_users_edit_html_erb__3440643753933320309_70316003858080'
  app/controllers/users_controller.rb:24:in `edit'

Started POST "/__better_errors/3c4f291e298b5eae/variables" for ::1 at 2020-03-25 16:40:09 -0700
Started GET "/users/" for ::1 at 2020-03-25 16:45:22 -0700
Processing by UsersController#index as HTML
  Rendering users/index.html.erb within layouts/application
  [1m[36mUser Load (3.3ms)[0m  [1m[34mSELECT  "users".* FROM "users" WHERE "users"."session_token" = $1 LIMIT $2[0m  [["session_token", "h3ah-w5bOwS7zTtfRtYOCQ"], ["LIMIT", 1]]
  ↳ app/controllers/application_controller.rb:17
  [1m[36mUser Load (1.2ms)[0m  [1m[34mSELECT "users".* FROM "users"[0m
  ↳ app/views/users/index.html.erb:4
  Rendered users/index.html.erb within layouts/application (10.5ms)
Completed 200 OK in 45ms (Views: 40.0ms | ActiveRecord: 4.4ms)


Started GET "/users/2/edit" for ::1 at 2020-03-25 16:45:30 -0700
Processing by UsersController#edit as HTML
  Parameters: {"id"=>"2"}
  Rendering users/edit.html.erb within layouts/application
  Rendered users/_form.html.erb (2.8ms)
  Rendered users/edit.html.erb within layouts/application (4.6ms)
Completed 500 Internal Server Error in 12ms (ActiveRecord: 0.0ms)



ActionController::UrlGenerationError - No route matches {:action=>"show", :controller=>"users", :id=>nil}, missing required keys: [:id]:
  app/views/users/_form.html.erb:1:in `_app_views_users__form_html_erb__645101196059049745_70315996491520'
  app/views/users/edit.html.erb:1:in `_app_views_users_edit_html_erb__3440643753933320309_70315996526680'
  app/controllers/users_controller.rb:24:in `edit'

Started POST "/__better_errors/3fce541d6de18de4/variables" for ::1 at 2020-03-25 16:45:30 -0700
Started GET "/users/2/edit" for ::1 at 2020-03-25 16:47:32 -0700
Processing by UsersController#edit as HTML
  Parameters: {"id"=>"2"}
  Rendering text template
  Rendered text template (0.1ms)
Completed 200 OK in 20ms (Views: 7.5ms | ActiveRecord: 4.0ms)


Started GET "/users/2/edit" for ::1 at 2020-03-25 16:51:06 -0700
Processing by UsersController#edit as HTML
  Parameters: {"id"=>"2"}
  Rendering users/edit.html.erb within layouts/application
  Rendered users/_form.html.erb (3.5ms)
  Rendered users/edit.html.erb within layouts/application (5.2ms)
Completed 500 Internal Server Error in 21ms (ActiveRecord: 4.0ms)



ActionController::UrlGenerationError - No route matches {:action=>"show", :controller=>"users", :id=>nil}, missing required keys: [:id]:
  app/views/users/_form.html.erb:1:in `_app_views_users__form_html_erb__645101196059049745_70315995544620'
  app/views/users/edit.html.erb:1:in `_app_views_users_edit_html_erb__3440643753933320309_70316002452940'
  app/controllers/users_controller.rb:24:in `edit'

Started POST "/__better_errors/a4153bc6284868fa/variables" for ::1 at 2020-03-25 16:51:06 -0700
Started POST "/__better_errors/a4153bc6284868fa/eval" for ::1 at 2020-03-25 16:51:13 -0700
Started GET "/users/2/edit" for ::1 at 2020-03-25 16:54:34 -0700
Processing by UsersController#edit as HTML
  Parameters: {"id"=>"2"}
  Rendering users/edit.html.erb within layouts/application
  Rendered users/_form.html.erb (3.1ms)
  Rendered users/edit.html.erb within layouts/application (5.4ms)
Completed 500 Internal Server Error in 15ms (ActiveRecord: 0.0ms)



ActionController::UrlGenerationError - No route matches {:action=>"show", :controller=>"users", :id=>nil}, missing required keys: [:id]:
  app/views/users/_form.html.erb:4:in `_app_views_users__form_html_erb__645101196059049745_70316004576120'
  app/views/users/edit.html.erb:1:in `_app_views_users_edit_html_erb__3440643753933320309_70316004627700'
  app/controllers/users_controller.rb:24:in `edit'

Started POST "/__better_errors/d5ced8f02c71a9fc/variables" for ::1 at 2020-03-25 16:54:34 -0700
Started GET "/users/1" for ::1 at 2020-03-25 16:55:04 -0700
Processing by UsersController#show as HTML
  Parameters: {"id"=>"1"}
Completed 500 Internal Server Error in 98ms (ActiveRecord: 0.0ms)



NoMethodError - undefined method `find_by' for #<UsersController:0x00007fe76b6920d0>:
  app/controllers/users_controller.rb:9:in `show'

Started POST "/__better_errors/ca46fd0cb9eec889/variables" for ::1 at 2020-03-25 16:55:04 -0700
Started GET "/users/1" for ::1 at 2020-03-25 16:55:34 -0700
Processing by UsersController#show as HTML
  Parameters: {"id"=>"1"}
  [1m[36mUser Load (0.3ms)[0m  [1m[34mSELECT  "users".* FROM "users" WHERE "users"."id" = $1 LIMIT $2[0m  [["id", 1], ["LIMIT", 1]]
  ↳ app/controllers/users_controller.rb:9
Redirected to http://localhost:3000/users/1
Completed 302 Found in 13ms (ActiveRecord: 4.6ms)


Started GET "/users/1" for ::1 at 2020-03-25 16:55:34 -0700
Processing by UsersController#show as HTML
  Parameters: {"id"=>"1"}
  [1m[36mUser Load (0.4ms)[0m  [1m[34mSELECT  "users".* FROM "users" WHERE "users"."id" = $1 LIMIT $2[0m  [["id", 1], ["LIMIT", 1]]
  ↳ app/controllers/users_controller.rb:9
Redirected to http://localhost:3000/users/1
Completed 302 Found in 2ms (ActiveRecord: 0.4ms)


Started GET "/users/1" for ::1 at 2020-03-25 16:55:34 -0700
Processing by UsersController#show as HTML
  Parameters: {"id"=>"1"}
  [1m[36mUser Load (0.3ms)[0m  [1m[34mSELECT  "users".* FROM "users" WHERE "users"."id" = $1 LIMIT $2[0m  [["id", 1], ["LIMIT", 1]]
  ↳ app/controllers/users_controller.rb:9
Redirected to http://localhost:3000/users/1
Completed 302 Found in 1ms (ActiveRecord: 0.3ms)


Started GET "/users/1" for ::1 at 2020-03-25 16:55:34 -0700
Processing by UsersController#show as HTML
  Parameters: {"id"=>"1"}
  [1m[36mUser Load (0.3ms)[0m  [1m[34mSELECT  "users".* FROM "users" WHERE "users"."id" = $1 LIMIT $2[0m  [["id", 1], ["LIMIT", 1]]
  ↳ app/controllers/users_controller.rb:9
Redirected to http://localhost:3000/users/1
Completed 302 Found in 1ms (ActiveRecord: 0.3ms)


Started GET "/users/1" for ::1 at 2020-03-25 16:55:34 -0700
Processing by UsersController#show as HTML
  Parameters: {"id"=>"1"}
  [1m[36mUser Load (0.3ms)[0m  [1m[34mSELECT  "users".* FROM "users" WHERE "users"."id" = $1 LIMIT $2[0m  [["id", 1], ["LIMIT", 1]]
  ↳ app/controllers/users_controller.rb:9
Redirected to http://localhost:3000/users/1
Completed 302 Found in 2ms (ActiveRecord: 0.3ms)


Started GET "/users/1" for ::1 at 2020-03-25 16:55:34 -0700
Processing by UsersController#show as HTML
  Parameters: {"id"=>"1"}
  [1m[36mUser Load (0.3ms)[0m  [1m[34mSELECT  "users".* FROM "users" WHERE "users"."id" = $1 LIMIT $2[0m  [["id", 1], ["LIMIT", 1]]
  ↳ app/controllers/users_controller.rb:9
Redirected to http://localhost:3000/users/1
Completed 302 Found in 1ms (ActiveRecord: 0.3ms)


Started GET "/users/1" for ::1 at 2020-03-25 16:55:34 -0700
Processing by UsersController#show as HTML
  Parameters: {"id"=>"1"}
  [1m[36mUser Load (0.3ms)[0m  [1m[34mSELECT  "users".* FROM "users" WHERE "users"."id" = $1 LIMIT $2[0m  [["id", 1], ["LIMIT", 1]]
  ↳ app/controllers/users_controller.rb:9
Redirected to http://localhost:3000/users/1
Completed 302 Found in 2ms (ActiveRecord: 0.3ms)


Started GET "/users/1" for ::1 at 2020-03-25 16:55:34 -0700
Processing by UsersController#show as HTML
  Parameters: {"id"=>"1"}
  [1m[36mUser Load (0.2ms)[0m  [1m[34mSELECT  "users".* FROM "users" WHERE "users"."id" = $1 LIMIT $2[0m  [["id", 1], ["LIMIT", 1]]
  ↳ app/controllers/users_controller.rb:9
Redirected to http://localhost:3000/users/1
Completed 302 Found in 2ms (ActiveRecord: 0.2ms)


Started GET "/users/1" for ::1 at 2020-03-25 16:55:34 -0700
Processing by UsersController#show as HTML
  Parameters: {"id"=>"1"}
  [1m[36mUser Load (0.2ms)[0m  [1m[34mSELECT  "users".* FROM "users" WHERE "users"."id" = $1 LIMIT $2[0m  [["id", 1], ["LIMIT", 1]]
  ↳ app/controllers/users_controller.rb:9
Redirected to http://localhost:3000/users/1
Completed 302 Found in 2ms (ActiveRecord: 0.2ms)


Started GET "/users/1" for ::1 at 2020-03-25 16:55:34 -0700
Processing by UsersController#show as HTML
  Parameters: {"id"=>"1"}
  [1m[36mUser Load (0.4ms)[0m  [1m[34mSELECT  "users".* FROM "users" WHERE "users"."id" = $1 LIMIT $2[0m  [["id", 1], ["LIMIT", 1]]
  ↳ app/controllers/users_controller.rb:9
Redirected to http://localhost:3000/users/1
Completed 302 Found in 3ms (ActiveRecord: 0.4ms)


Started GET "/users/1" for ::1 at 2020-03-25 16:55:34 -0700
Processing by UsersController#show as HTML
  Parameters: {"id"=>"1"}
  [1m[36mUser Load (0.2ms)[0m  [1m[34mSELECT  "users".* FROM "users" WHERE "users"."id" = $1 LIMIT $2[0m  [["id", 1], ["LIMIT", 1]]
  ↳ app/controllers/users_controller.rb:9
Redirected to http://localhost:3000/users/1
Completed 302 Found in 1ms (ActiveRecord: 0.2ms)


Started GET "/users/1" for ::1 at 2020-03-25 16:55:34 -0700
Processing by UsersController#show as HTML
  Parameters: {"id"=>"1"}
  [1m[36mUser Load (0.7ms)[0m  [1m[34mSELECT  "users".* FROM "users" WHERE "users"."id" = $1 LIMIT $2[0m  [["id", 1], ["LIMIT", 1]]
  ↳ app/controllers/users_controller.rb:9
Redirected to http://localhost:3000/users/1
Completed 302 Found in 2ms (ActiveRecord: 0.7ms)


Started GET "/users/1" for ::1 at 2020-03-25 16:55:34 -0700
Processing by UsersController#show as HTML
  Parameters: {"id"=>"1"}
  [1m[36mUser Load (0.2ms)[0m  [1m[34mSELECT  "users".* FROM "users" WHERE "users"."id" = $1 LIMIT $2[0m  [["id", 1], ["LIMIT", 1]]
  ↳ app/controllers/users_controller.rb:9
Redirected to http://localhost:3000/users/1
Completed 302 Found in 1ms (ActiveRecord: 0.2ms)


Started GET "/users/1" for ::1 at 2020-03-25 16:55:34 -0700
Processing by UsersController#show as HTML
  Parameters: {"id"=>"1"}
  [1m[36mUser Load (0.3ms)[0m  [1m[34mSELECT  "users".* FROM "users" WHERE "users"."id" = $1 LIMIT $2[0m  [["id", 1], ["LIMIT", 1]]
  ↳ app/controllers/users_controller.rb:9
Redirected to http://localhost:3000/users/1
Completed 302 Found in 2ms (ActiveRecord: 0.3ms)


Started GET "/users/1" for ::1 at 2020-03-25 16:55:34 -0700
Processing by UsersController#show as HTML
  Parameters: {"id"=>"1"}
  [1m[36mUser Load (0.3ms)[0m  [1m[34mSELECT  "users".* FROM "users" WHERE "users"."id" = $1 LIMIT $2[0m  [["id", 1], ["LIMIT", 1]]
  ↳ app/controllers/users_controller.rb:9
Redirected to http://localhost:3000/users/1
Completed 302 Found in 2ms (ActiveRecord: 0.3ms)


Started GET "/users/1" for ::1 at 2020-03-25 16:55:34 -0700
Processing by UsersController#show as HTML
  Parameters: {"id"=>"1"}
  [1m[36mUser Load (0.2ms)[0m  [1m[34mSELECT  "users".* FROM "users" WHERE "users"."id" = $1 LIMIT $2[0m  [["id", 1], ["LIMIT", 1]]
  ↳ app/controllers/users_controller.rb:9
Redirected to http://localhost:3000/users/1
Completed 302 Found in 2ms (ActiveRecord: 0.2ms)


Started GET "/users/1" for ::1 at 2020-03-25 16:55:34 -0700
Processing by UsersController#show as HTML
  Parameters: {"id"=>"1"}
  [1m[36mUser Load (0.2ms)[0m  [1m[34mSELECT  "users".* FROM "users" WHERE "users"."id" = $1 LIMIT $2[0m  [["id", 1], ["LIMIT", 1]]
  ↳ app/controllers/users_controller.rb:9
Redirected to http://localhost:3000/users/1
Completed 302 Found in 1ms (ActiveRecord: 0.2ms)


Started GET "/users/1" for ::1 at 2020-03-25 16:55:34 -0700
Processing by UsersController#show as HTML
  Parameters: {"id"=>"1"}
  [1m[36mUser Load (0.3ms)[0m  [1m[34mSELECT  "users".* FROM "users" WHERE "users"."id" = $1 LIMIT $2[0m  [["id", 1], ["LIMIT", 1]]
  ↳ app/controllers/users_controller.rb:9
Redirected to http://localhost:3000/users/1
Completed 302 Found in 2ms (ActiveRecord: 0.3ms)


Started GET "/users/1" for ::1 at 2020-03-25 16:55:34 -0700
Processing by UsersController#show as HTML
  Parameters: {"id"=>"1"}
  [1m[36mUser Load (0.2ms)[0m  [1m[34mSELECT  "users".* FROM "users" WHERE "users"."id" = $1 LIMIT $2[0m  [["id", 1], ["LIMIT", 1]]
  ↳ app/controllers/users_controller.rb:9
Redirected to http://localhost:3000/users/1
Completed 302 Found in 1ms (ActiveRecord: 0.2ms)


Started GET "/users/1" for ::1 at 2020-03-25 16:55:34 -0700
Processing by UsersController#show as HTML
  Parameters: {"id"=>"1"}
  [1m[36mUser Load (0.2ms)[0m  [1m[34mSELECT  "users".* FROM "users" WHERE "users"."id" = $1 LIMIT $2[0m  [["id", 1], ["LIMIT", 1]]
  ↳ app/controllers/users_controller.rb:9
Redirected to http://localhost:3000/users/1
Completed 302 Found in 2ms (ActiveRecord: 0.2ms)


Started GET "/users/1" for ::1 at 2020-03-25 16:55:34 -0700
Processing by UsersController#show as HTML
  Parameters: {"id"=>"1"}
  [1m[36mUser Load (0.4ms)[0m  [1m[34mSELECT  "users".* FROM "users" WHERE "users"."id" = $1 LIMIT $2[0m  [["id", 1], ["LIMIT", 1]]
  ↳ app/controllers/users_controller.rb:9
Redirected to http://localhost:3000/users/1
Completed 302 Found in 2ms (ActiveRecord: 0.4ms)


Started GET "/users/1" for ::1 at 2020-03-25 16:55:34 -0700
Processing by UsersController#show as HTML
  Parameters: {"id"=>"1"}
  [1m[36mUser Load (0.3ms)[0m  [1m[34mSELECT  "users".* FROM "users" WHERE "users"."id" = $1 LIMIT $2[0m  [["id", 1], ["LIMIT", 1]]
  ↳ app/controllers/users_controller.rb:9
Redirected to http://localhost:3000/users/1
Completed 302 Found in 2ms (ActiveRecord: 0.3ms)


Started GET "/users/1" for ::1 at 2020-03-25 16:55:34 -0700
Processing by UsersController#show as HTML
  Parameters: {"id"=>"1"}
  [1m[36mUser Load (0.3ms)[0m  [1m[34mSELECT  "users".* FROM "users" WHERE "users"."id" = $1 LIMIT $2[0m  [["id", 1], ["LIMIT", 1]]
  ↳ app/controllers/users_controller.rb:9
Redirected to http://localhost:3000/users/1
Completed 302 Found in 3ms (ActiveRecord: 0.3ms)


Started GET "/users/1" for ::1 at 2020-03-25 16:55:34 -0700
Processing by UsersController#show as HTML
  Parameters: {"id"=>"1"}
  [1m[36mUser Load (0.2ms)[0m  [1m[34mSELECT  "users".* FROM "users" WHERE "users"."id" = $1 LIMIT $2[0m  [["id", 1], ["LIMIT", 1]]
  ↳ app/controllers/users_controller.rb:9
Redirected to http://localhost:3000/users/1
Completed 302 Found in 2ms (ActiveRecord: 0.2ms)


Started GET "/users/1" for ::1 at 2020-03-25 16:55:34 -0700
Processing by UsersController#show as HTML
  Parameters: {"id"=>"1"}
  [1m[36mUser Load (0.2ms)[0m  [1m[34mSELECT  "users".* FROM "users" WHERE "users"."id" = $1 LIMIT $2[0m  [["id", 1], ["LIMIT", 1]]
  ↳ app/controllers/users_controller.rb:9
Redirected to http://localhost:3000/users/1
Completed 302 Found in 2ms (ActiveRecord: 0.2ms)


Started GET "/users/1" for ::1 at 2020-03-25 16:55:34 -0700
Processing by UsersController#show as HTML
  Parameters: {"id"=>"1"}
  [1m[36mUser Load (0.2ms)[0m  [1m[34mSELECT  "users".* FROM "users" WHERE "users"."id" = $1 LIMIT $2[0m  [["id", 1], ["LIMIT", 1]]
  ↳ app/controllers/users_controller.rb:9
Redirected to http://localhost:3000/users/1
Completed 302 Found in 2ms (ActiveRecord: 0.2ms)


Started GET "/users/1" for ::1 at 2020-03-25 16:55:34 -0700
Processing by UsersController#show as HTML
  Parameters: {"id"=>"1"}
  [1m[36mUser Load (0.2ms)[0m  [1m[34mSELECT  "users".* FROM "users" WHERE "users"."id" = $1 LIMIT $2[0m  [["id", 1], ["LIMIT", 1]]
  ↳ app/controllers/users_controller.rb:9
Redirected to http://localhost:3000/users/1
Completed 302 Found in 2ms (ActiveRecord: 0.2ms)


Started GET "/users/1" for ::1 at 2020-03-25 16:55:34 -0700
Processing by UsersController#show as HTML
  Parameters: {"id"=>"1"}
  [1m[36mUser Load (0.2ms)[0m  [1m[34mSELECT  "users".* FROM "users" WHERE "users"."id" = $1 LIMIT $2[0m  [["id", 1], ["LIMIT", 1]]
  ↳ app/controllers/users_controller.rb:9
Redirected to http://localhost:3000/users/1
Completed 302 Found in 1ms (ActiveRecord: 0.2ms)


Started GET "/users/1" for ::1 at 2020-03-25 16:55:34 -0700
Processing by UsersController#show as HTML
  Parameters: {"id"=>"1"}
  [1m[36mUser Load (0.3ms)[0m  [1m[34mSELECT  "users".* FROM "users" WHERE "users"."id" = $1 LIMIT $2[0m  [["id", 1], ["LIMIT", 1]]
  ↳ app/controllers/users_controller.rb:9
Redirected to http://localhost:3000/users/1
Completed 302 Found in 2ms (ActiveRecord: 0.3ms)


Started GET "/users/1" for ::1 at 2020-03-25 16:55:34 -0700
Processing by UsersController#show as HTML
  Parameters: {"id"=>"1"}
  [1m[36mUser Load (0.2ms)[0m  [1m[34mSELECT  "users".* FROM "users" WHERE "users"."id" = $1 LIMIT $2[0m  [["id", 1], ["LIMIT", 1]]
  ↳ app/controllers/users_controller.rb:9
Redirected to http://localhost:3000/users/1
Completed 302 Found in 2ms (ActiveRecord: 0.2ms)


Started GET "/users/1" for ::1 at 2020-03-25 16:55:34 -0700
Processing by UsersController#show as HTML
  Parameters: {"id"=>"1"}
  [1m[36mUser Load (0.2ms)[0m  [1m[34mSELECT  "users".* FROM "users" WHERE "users"."id" = $1 LIMIT $2[0m  [["id", 1], ["LIMIT", 1]]
  ↳ app/controllers/users_controller.rb:9
Redirected to http://localhost:3000/users/1
Completed 302 Found in 2ms (ActiveRecord: 0.2ms)


Started GET "/users/1" for ::1 at 2020-03-25 16:55:34 -0700
Processing by UsersController#show as HTML
  Parameters: {"id"=>"1"}
  [1m[36mUser Load (0.2ms)[0m  [1m[34mSELECT  "users".* FROM "users" WHERE "users"."id" = $1 LIMIT $2[0m  [["id", 1], ["LIMIT", 1]]
  ↳ app/controllers/users_controller.rb:9
Redirected to http://localhost:3000/users/1
Completed 302 Found in 1ms (ActiveRecord: 0.2ms)


Started GET "/users/1" for ::1 at 2020-03-25 16:55:34 -0700
Processing by UsersController#show as HTML
  Parameters: {"id"=>"1"}
  [1m[36mUser Load (0.2ms)[0m  [1m[34mSELECT  "users".* FROM "users" WHERE "users"."id" = $1 LIMIT $2[0m  [["id", 1], ["LIMIT", 1]]
  ↳ app/controllers/users_controller.rb:9
Redirected to http://localhost:3000/users/1
Completed 302 Found in 1ms (ActiveRecord: 0.2ms)


Started GET "/users/1" for ::1 at 2020-03-25 16:55:34 -0700
Processing by UsersController#show as HTML
  Parameters: {"id"=>"1"}
  [1m[36mUser Load (0.2ms)[0m  [1m[34mSELECT  "users".* FROM "users" WHERE "users"."id" = $1 LIMIT $2[0m  [["id", 1], ["LIMIT", 1]]
  ↳ app/controllers/users_controller.rb:9
Redirected to http://localhost:3000/users/1
Completed 302 Found in 1ms (ActiveRecord: 0.2ms)


Started GET "/users/1" for ::1 at 2020-03-25 16:55:34 -0700
Processing by UsersController#show as HTML
  Parameters: {"id"=>"1"}
  [1m[36mUser Load (0.2ms)[0m  [1m[34mSELECT  "users".* FROM "users" WHERE "users"."id" = $1 LIMIT $2[0m  [["id", 1], ["LIMIT", 1]]
  ↳ app/controllers/users_controller.rb:9
Redirected to http://localhost:3000/users/1
Completed 302 Found in 1ms (ActiveRecord: 0.2ms)


Started GET "/users/1" for ::1 at 2020-03-25 16:55:34 -0700
Processing by UsersController#show as HTML
  Parameters: {"id"=>"1"}
  [1m[36mUser Load (0.2ms)[0m  [1m[34mSELECT  "users".* FROM "users" WHERE "users"."id" = $1 LIMIT $2[0m  [["id", 1], ["LIMIT", 1]]
  ↳ app/controllers/users_controller.rb:9
Redirected to http://localhost:3000/users/1
Completed 302 Found in 1ms (ActiveRecord: 0.2ms)


Started GET "/users/1" for ::1 at 2020-03-25 16:55:34 -0700
Processing by UsersController#show as HTML
  Parameters: {"id"=>"1"}
  [1m[36mUser Load (0.2ms)[0m  [1m[34mSELECT  "users".* FROM "users" WHERE "users"."id" = $1 LIMIT $2[0m  [["id", 1], ["LIMIT", 1]]
  ↳ app/controllers/users_controller.rb:9
Redirected to http://localhost:3000/users/1
Completed 302 Found in 1ms (ActiveRecord: 0.2ms)


Started GET "/users/1" for ::1 at 2020-03-25 16:55:34 -0700
Processing by UsersController#show as HTML
  Parameters: {"id"=>"1"}
  [1m[36mUser Load (0.2ms)[0m  [1m[34mSELECT  "users".* FROM "users" WHERE "users"."id" = $1 LIMIT $2[0m  [["id", 1], ["LIMIT", 1]]
  ↳ app/controllers/users_controller.rb:9
Redirected to http://localhost:3000/users/1
Completed 302 Found in 2ms (ActiveRecord: 0.2ms)


Started GET "/users/1" for ::1 at 2020-03-25 16:55:34 -0700
Processing by UsersController#show as HTML
  Parameters: {"id"=>"1"}
  [1m[36mUser Load (0.2ms)[0m  [1m[34mSELECT  "users".* FROM "users" WHERE "users"."id" = $1 LIMIT $2[0m  [["id", 1], ["LIMIT", 1]]
  ↳ app/controllers/users_controller.rb:9
Redirected to http://localhost:3000/users/1
Completed 302 Found in 1ms (ActiveRecord: 0.2ms)


Started GET "/users/1" for ::1 at 2020-03-25 16:55:34 -0700
Processing by UsersController#show as HTML
  Parameters: {"id"=>"1"}
  [1m[36mUser Load (0.2ms)[0m  [1m[34mSELECT  "users".* FROM "users" WHERE "users"."id" = $1 LIMIT $2[0m  [["id", 1], ["LIMIT", 1]]
  ↳ app/controllers/users_controller.rb:9
Redirected to http://localhost:3000/users/1
Completed 302 Found in 1ms (ActiveRecord: 0.2ms)


Started GET "/users/1" for ::1 at 2020-03-25 16:55:39 -0700
Processing by UsersController#show as HTML
  Parameters: {"id"=>"1"}
  [1m[36mUser Load (2.7ms)[0m  [1m[34mSELECT  "users".* FROM "users" WHERE "users"."id" = $1 LIMIT $2[0m  [["id", 1], ["LIMIT", 1]]
  ↳ app/controllers/users_controller.rb:9
Redirected to http://localhost:3000/users/1
Completed 302 Found in 4ms (ActiveRecord: 2.7ms)


Started GET "/users/1" for ::1 at 2020-03-25 16:55:39 -0700
Processing by UsersController#show as HTML
  Parameters: {"id"=>"1"}
  [1m[36mUser Load (1.1ms)[0m  [1m[34mSELECT  "users".* FROM "users" WHERE "users"."id" = $1 LIMIT $2[0m  [["id", 1], ["LIMIT", 1]]
  ↳ app/controllers/users_controller.rb:9
Redirected to http://localhost:3000/users/1
Completed 302 Found in 3ms (ActiveRecord: 1.1ms)


Started GET "/users/1" for ::1 at 2020-03-25 16:55:39 -0700
Processing by UsersController#show as HTML
  Parameters: {"id"=>"1"}
  [1m[36mUser Load (1.0ms)[0m  [1m[34mSELECT  "users".* FROM "users" WHERE "users"."id" = $1 LIMIT $2[0m  [["id", 1], ["LIMIT", 1]]
  ↳ app/controllers/users_controller.rb:9
Redirected to http://localhost:3000/users/1
Completed 302 Found in 3ms (ActiveRecord: 1.0ms)


Started GET "/users/1" for ::1 at 2020-03-25 16:55:39 -0700
Processing by UsersController#show as HTML
  Parameters: {"id"=>"1"}
  [1m[36mUser Load (1.7ms)[0m  [1m[34mSELECT  "users".* FROM "users" WHERE "users"."id" = $1 LIMIT $2[0m  [["id", 1], ["LIMIT", 1]]
  ↳ app/controllers/users_controller.rb:9
Redirected to http://localhost:3000/users/1
Completed 302 Found in 3ms (ActiveRecord: 1.7ms)


Started GET "/users/1" for ::1 at 2020-03-25 16:55:39 -0700
Processing by UsersController#show as HTML
  Parameters: {"id"=>"1"}
  [1m[36mUser Load (18.3ms)[0m  [1m[34mSELECT  "users".* FROM "users" WHERE "users"."id" = $1 LIMIT $2[0m  [["id", 1], ["LIMIT", 1]]
  ↳ app/controllers/users_controller.rb:9
Redirected to http://localhost:3000/users/1
Completed 302 Found in 20ms (ActiveRecord: 18.3ms)


Started GET "/users/1" for ::1 at 2020-03-25 16:55:39 -0700
Processing by UsersController#show as HTML
  Parameters: {"id"=>"1"}
  [1m[36mUser Load (0.2ms)[0m  [1m[34mSELECT  "users".* FROM "users" WHERE "users"."id" = $1 LIMIT $2[0m  [["id", 1], ["LIMIT", 1]]
  ↳ app/controllers/users_controller.rb:9
Redirected to http://localhost:3000/users/1
Completed 302 Found in 2ms (ActiveRecord: 0.2ms)


Started GET "/users/1" for ::1 at 2020-03-25 16:55:39 -0700
Processing by UsersController#show as HTML
  Parameters: {"id"=>"1"}
  [1m[36mUser Load (0.2ms)[0m  [1m[34mSELECT  "users".* FROM "users" WHERE "users"."id" = $1 LIMIT $2[0m  [["id", 1], ["LIMIT", 1]]
  ↳ app/controllers/users_controller.rb:9
Redirected to http://localhost:3000/users/1
Completed 302 Found in 6ms (ActiveRecord: 0.2ms)


Started GET "/users/1" for ::1 at 2020-03-25 16:55:39 -0700
Processing by UsersController#show as HTML
  Parameters: {"id"=>"1"}
  [1m[36mUser Load (0.2ms)[0m  [1m[34mSELECT  "users".* FROM "users" WHERE "users"."id" = $1 LIMIT $2[0m  [["id", 1], ["LIMIT", 1]]
  ↳ app/controllers/users_controller.rb:9
Redirected to http://localhost:3000/users/1
Completed 302 Found in 4ms (ActiveRecord: 0.2ms)


Started GET "/users/1" for ::1 at 2020-03-25 16:55:39 -0700
Processing by UsersController#show as HTML
  Parameters: {"id"=>"1"}
  [1m[36mUser Load (0.2ms)[0m  [1m[34mSELECT  "users".* FROM "users" WHERE "users"."id" = $1 LIMIT $2[0m  [["id", 1], ["LIMIT", 1]]
  ↳ app/controllers/users_controller.rb:9
Redirected to http://localhost:3000/users/1
Completed 302 Found in 2ms (ActiveRecord: 0.2ms)


Started GET "/users/1" for ::1 at 2020-03-25 16:55:39 -0700
Processing by UsersController#show as HTML
  Parameters: {"id"=>"1"}
  [1m[36mUser Load (0.2ms)[0m  [1m[34mSELECT  "users".* FROM "users" WHERE "users"."id" = $1 LIMIT $2[0m  [["id", 1], ["LIMIT", 1]]
  ↳ app/controllers/users_controller.rb:9
Redirected to http://localhost:3000/users/1
Completed 302 Found in 3ms (ActiveRecord: 0.2ms)


Started GET "/users/1" for ::1 at 2020-03-25 16:55:40 -0700
Processing by UsersController#show as HTML
  Parameters: {"id"=>"1"}
  [1m[36mUser Load (0.2ms)[0m  [1m[34mSELECT  "users".* FROM "users" WHERE "users"."id" = $1 LIMIT $2[0m  [["id", 1], ["LIMIT", 1]]
  ↳ app/controllers/users_controller.rb:9
Redirected to http://localhost:3000/users/1
Completed 302 Found in 2ms (ActiveRecord: 0.2ms)


Started GET "/users/1" for ::1 at 2020-03-25 16:55:40 -0700
Processing by UsersController#show as HTML
  Parameters: {"id"=>"1"}
  [1m[36mUser Load (0.3ms)[0m  [1m[34mSELECT  "users".* FROM "users" WHERE "users"."id" = $1 LIMIT $2[0m  [["id", 1], ["LIMIT", 1]]
  ↳ app/controllers/users_controller.rb:9
Redirected to http://localhost:3000/users/1
Completed 302 Found in 2ms (ActiveRecord: 0.3ms)


Started GET "/users/1" for ::1 at 2020-03-25 16:55:40 -0700
Processing by UsersController#show as HTML
  Parameters: {"id"=>"1"}
  [1m[36mUser Load (0.2ms)[0m  [1m[34mSELECT  "users".* FROM "users" WHERE "users"."id" = $1 LIMIT $2[0m  [["id", 1], ["LIMIT", 1]]
  ↳ app/controllers/users_controller.rb:9
Redirected to http://localhost:3000/users/1
Completed 302 Found in 2ms (ActiveRecord: 0.2ms)


Started GET "/users/1" for ::1 at 2020-03-25 16:55:40 -0700
Processing by UsersController#show as HTML
  Parameters: {"id"=>"1"}
  [1m[36mUser Load (0.4ms)[0m  [1m[34mSELECT  "users".* FROM "users" WHERE "users"."id" = $1 LIMIT $2[0m  [["id", 1], ["LIMIT", 1]]
  ↳ app/controllers/users_controller.rb:9
Redirected to http://localhost:3000/users/1
Completed 302 Found in 2ms (ActiveRecord: 0.4ms)


Started GET "/users/1" for ::1 at 2020-03-25 16:55:40 -0700
Processing by UsersController#show as HTML
  Parameters: {"id"=>"1"}
  [1m[36mUser Load (0.3ms)[0m  [1m[34mSELECT  "users".* FROM "users" WHERE "users"."id" = $1 LIMIT $2[0m  [["id", 1], ["LIMIT", 1]]
  ↳ app/controllers/users_controller.rb:9
Redirected to http://localhost:3000/users/1
Completed 302 Found in 2ms (ActiveRecord: 0.3ms)


Started GET "/users/1" for ::1 at 2020-03-25 16:55:40 -0700
Processing by UsersController#show as HTML
  Parameters: {"id"=>"1"}
  [1m[36mUser Load (0.2ms)[0m  [1m[34mSELECT  "users".* FROM "users" WHERE "users"."id" = $1 LIMIT $2[0m  [["id", 1], ["LIMIT", 1]]
  ↳ app/controllers/users_controller.rb:9
Redirected to http://localhost:3000/users/1
Completed 302 Found in 2ms (ActiveRecord: 0.2ms)


Started GET "/users/1" for ::1 at 2020-03-25 16:55:40 -0700
Processing by UsersController#show as HTML
  Parameters: {"id"=>"1"}
  [1m[36mUser Load (0.4ms)[0m  [1m[34mSELECT  "users".* FROM "users" WHERE "users"."id" = $1 LIMIT $2[0m  [["id", 1], ["LIMIT", 1]]
  ↳ app/controllers/users_controller.rb:9
Redirected to http://localhost:3000/users/1
Completed 302 Found in 2ms (ActiveRecord: 0.4ms)


Started GET "/users/1" for ::1 at 2020-03-25 16:55:40 -0700
Processing by UsersController#show as HTML
  Parameters: {"id"=>"1"}
  [1m[36mUser Load (0.2ms)[0m  [1m[34mSELECT  "users".* FROM "users" WHERE "users"."id" = $1 LIMIT $2[0m  [["id", 1], ["LIMIT", 1]]
  ↳ app/controllers/users_controller.rb:9
Redirected to http://localhost:3000/users/1
Completed 302 Found in 2ms (ActiveRecord: 0.2ms)


Started GET "/users/1" for ::1 at 2020-03-25 16:55:40 -0700
Processing by UsersController#show as HTML
  Parameters: {"id"=>"1"}
  [1m[36mUser Load (0.2ms)[0m  [1m[34mSELECT  "users".* FROM "users" WHERE "users"."id" = $1 LIMIT $2[0m  [["id", 1], ["LIMIT", 1]]
  ↳ app/controllers/users_controller.rb:9
Redirected to http://localhost:3000/users/1
Completed 302 Found in 2ms (ActiveRecord: 0.2ms)


Started GET "/users/1" for ::1 at 2020-03-25 16:55:40 -0700
Processing by UsersController#show as HTML
  Parameters: {"id"=>"1"}
  [1m[36mUser Load (0.3ms)[0m  [1m[34mSELECT  "users".* FROM "users" WHERE "users"."id" = $1 LIMIT $2[0m  [["id", 1], ["LIMIT", 1]]
  ↳ app/controllers/users_controller.rb:9
Redirected to http://localhost:3000/users/1
Completed 302 Found in 2ms (ActiveRecord: 0.3ms)


Started GET "/users/1" for ::1 at 2020-03-25 16:56:10 -0700
Processing by UsersController#show as HTML
  Parameters: {"id"=>"1"}
  [1m[36mUser Load (0.9ms)[0m  [1m[34mSELECT  "users".* FROM "users" WHERE "users"."id" = $1 LIMIT $2[0m  [["id", 1], ["LIMIT", 1]]
  ↳ app/controllers/users_controller.rb:9
Redirected to http://localhost:3000/users/1
Completed 302 Found in 3ms (ActiveRecord: 0.9ms)


Started GET "/users/1" for ::1 at 2020-03-25 16:56:10 -0700
Processing by UsersController#show as HTML
  Parameters: {"id"=>"1"}
  [1m[36mUser Load (0.5ms)[0m  [1m[34mSELECT  "users".* FROM "users" WHERE "users"."id" = $1 LIMIT $2[0m  [["id", 1], ["LIMIT", 1]]
  ↳ app/controllers/users_controller.rb:9
Redirected to http://localhost:3000/users/1
Completed 302 Found in 2ms (ActiveRecord: 0.5ms)


Started GET "/users/1" for ::1 at 2020-03-25 16:56:10 -0700
Processing by UsersController#show as HTML
  Parameters: {"id"=>"1"}
  [1m[36mUser Load (0.5ms)[0m  [1m[34mSELECT  "users".* FROM "users" WHERE "users"."id" = $1 LIMIT $2[0m  [["id", 1], ["LIMIT", 1]]
  ↳ app/controllers/users_controller.rb:9
Redirected to http://localhost:3000/users/1
Completed 302 Found in 2ms (ActiveRecord: 0.5ms)


Started GET "/users/1" for ::1 at 2020-03-25 16:56:10 -0700
Processing by UsersController#show as HTML
  Parameters: {"id"=>"1"}
  [1m[36mUser Load (0.5ms)[0m  [1m[34mSELECT  "users".* FROM "users" WHERE "users"."id" = $1 LIMIT $2[0m  [["id", 1], ["LIMIT", 1]]
  ↳ app/controllers/users_controller.rb:9
Redirected to http://localhost:3000/users/1
Completed 302 Found in 2ms (ActiveRecord: 0.5ms)


Started GET "/users/1" for ::1 at 2020-03-25 16:56:10 -0700
Processing by UsersController#show as HTML
  Parameters: {"id"=>"1"}
  [1m[36mUser Load (0.3ms)[0m  [1m[34mSELECT  "users".* FROM "users" WHERE "users"."id" = $1 LIMIT $2[0m  [["id", 1], ["LIMIT", 1]]
  ↳ app/controllers/users_controller.rb:9
Redirected to http://localhost:3000/users/1
Completed 302 Found in 2ms (ActiveRecord: 0.3ms)


Started GET "/users/1" for ::1 at 2020-03-25 16:56:10 -0700
Processing by UsersController#show as HTML
  Parameters: {"id"=>"1"}
  [1m[36mUser Load (0.5ms)[0m  [1m[34mSELECT  "users".* FROM "users" WHERE "users"."id" = $1 LIMIT $2[0m  [["id", 1], ["LIMIT", 1]]
  ↳ app/controllers/users_controller.rb:9
Redirected to http://localhost:3000/users/1
Completed 302 Found in 2ms (ActiveRecord: 0.5ms)


Started GET "/users/1" for ::1 at 2020-03-25 16:56:10 -0700
Processing by UsersController#show as HTML
  Parameters: {"id"=>"1"}
  [1m[36mUser Load (0.5ms)[0m  [1m[34mSELECT  "users".* FROM "users" WHERE "users"."id" = $1 LIMIT $2[0m  [["id", 1], ["LIMIT", 1]]
  ↳ app/controllers/users_controller.rb:9
Redirected to http://localhost:3000/users/1
Completed 302 Found in 2ms (ActiveRecord: 0.5ms)


Started GET "/users/1" for ::1 at 2020-03-25 16:56:10 -0700
Processing by UsersController#show as HTML
  Parameters: {"id"=>"1"}
  [1m[36mUser Load (0.2ms)[0m  [1m[34mSELECT  "users".* FROM "users" WHERE "users"."id" = $1 LIMIT $2[0m  [["id", 1], ["LIMIT", 1]]
  ↳ app/controllers/users_controller.rb:9
Redirected to http://localhost:3000/users/1
Completed 302 Found in 1ms (ActiveRecord: 0.2ms)


Started GET "/users/1" for ::1 at 2020-03-25 16:56:10 -0700
Processing by UsersController#show as HTML
  Parameters: {"id"=>"1"}
  [1m[36mUser Load (0.2ms)[0m  [1m[34mSELECT  "users".* FROM "users" WHERE "users"."id" = $1 LIMIT $2[0m  [["id", 1], ["LIMIT", 1]]
  ↳ app/controllers/users_controller.rb:9
Redirected to http://localhost:3000/users/1
Completed 302 Found in 2ms (ActiveRecord: 0.2ms)


Started GET "/users/1" for ::1 at 2020-03-25 16:56:10 -0700
Processing by UsersController#show as HTML
  Parameters: {"id"=>"1"}
  [1m[36mUser Load (0.2ms)[0m  [1m[34mSELECT  "users".* FROM "users" WHERE "users"."id" = $1 LIMIT $2[0m  [["id", 1], ["LIMIT", 1]]
  ↳ app/controllers/users_controller.rb:9
Redirected to http://localhost:3000/users/1
Completed 302 Found in 1ms (ActiveRecord: 0.2ms)


Started GET "/users/1" for ::1 at 2020-03-25 16:56:10 -0700
Processing by UsersController#show as HTML
  Parameters: {"id"=>"1"}
  [1m[36mUser Load (0.2ms)[0m  [1m[34mSELECT  "users".* FROM "users" WHERE "users"."id" = $1 LIMIT $2[0m  [["id", 1], ["LIMIT", 1]]
  ↳ app/controllers/users_controller.rb:9
Redirected to http://localhost:3000/users/1
Completed 302 Found in 1ms (ActiveRecord: 0.2ms)


Started GET "/users/1" for ::1 at 2020-03-25 16:56:10 -0700
Processing by UsersController#show as HTML
  Parameters: {"id"=>"1"}
  [1m[36mUser Load (0.2ms)[0m  [1m[34mSELECT  "users".* FROM "users" WHERE "users"."id" = $1 LIMIT $2[0m  [["id", 1], ["LIMIT", 1]]
  ↳ app/controllers/users_controller.rb:9
Redirected to http://localhost:3000/users/1
Completed 302 Found in 2ms (ActiveRecord: 0.2ms)


Started GET "/users/1" for ::1 at 2020-03-25 16:56:10 -0700
Processing by UsersController#show as HTML
  Parameters: {"id"=>"1"}
  [1m[36mUser Load (0.2ms)[0m  [1m[34mSELECT  "users".* FROM "users" WHERE "users"."id" = $1 LIMIT $2[0m  [["id", 1], ["LIMIT", 1]]
  ↳ app/controllers/users_controller.rb:9
Redirected to http://localhost:3000/users/1
Completed 302 Found in 5ms (ActiveRecord: 0.2ms)


Started GET "/users/1" for ::1 at 2020-03-25 16:56:10 -0700
Processing by UsersController#show as HTML
  Parameters: {"id"=>"1"}
  [1m[36mUser Load (0.2ms)[0m  [1m[34mSELECT  "users".* FROM "users" WHERE "users"."id" = $1 LIMIT $2[0m  [["id", 1], ["LIMIT", 1]]
  ↳ app/controllers/users_controller.rb:9
Redirected to http://localhost:3000/users/1
Completed 302 Found in 9ms (ActiveRecord: 0.2ms)


Started GET "/users/1" for ::1 at 2020-03-25 16:56:10 -0700
Processing by UsersController#show as HTML
  Parameters: {"id"=>"1"}
  [1m[36mUser Load (0.3ms)[0m  [1m[34mSELECT  "users".* FROM "users" WHERE "users"."id" = $1 LIMIT $2[0m  [["id", 1], ["LIMIT", 1]]
  ↳ app/controllers/users_controller.rb:9
Redirected to http://localhost:3000/users/1
Completed 302 Found in 2ms (ActiveRecord: 0.3ms)


Started GET "/users/1" for ::1 at 2020-03-25 16:56:10 -0700
Processing by UsersController#show as HTML
  Parameters: {"id"=>"1"}
  [1m[36mUser Load (0.2ms)[0m  [1m[34mSELECT  "users".* FROM "users" WHERE "users"."id" = $1 LIMIT $2[0m  [["id", 1], ["LIMIT", 1]]
  ↳ app/controllers/users_controller.rb:9
Redirected to http://localhost:3000/users/1
Completed 302 Found in 2ms (ActiveRecord: 0.2ms)


Started GET "/users/1" for ::1 at 2020-03-25 16:56:10 -0700
Processing by UsersController#show as HTML
  Parameters: {"id"=>"1"}
  [1m[36mUser Load (0.2ms)[0m  [1m[34mSELECT  "users".* FROM "users" WHERE "users"."id" = $1 LIMIT $2[0m  [["id", 1], ["LIMIT", 1]]
  ↳ app/controllers/users_controller.rb:9
Redirected to http://localhost:3000/users/1
Completed 302 Found in 2ms (ActiveRecord: 0.2ms)


Started GET "/users/1" for ::1 at 2020-03-25 16:56:10 -0700
Processing by UsersController#show as HTML
  Parameters: {"id"=>"1"}
  [1m[36mUser Load (0.2ms)[0m  [1m[34mSELECT  "users".* FROM "users" WHERE "users"."id" = $1 LIMIT $2[0m  [["id", 1], ["LIMIT", 1]]
  ↳ app/controllers/users_controller.rb:9
Redirected to http://localhost:3000/users/1
Completed 302 Found in 1ms (ActiveRecord: 0.2ms)


Started GET "/users/1" for ::1 at 2020-03-25 16:56:10 -0700
Processing by UsersController#show as HTML
  Parameters: {"id"=>"1"}
  [1m[36mUser Load (0.2ms)[0m  [1m[34mSELECT  "users".* FROM "users" WHERE "users"."id" = $1 LIMIT $2[0m  [["id", 1], ["LIMIT", 1]]
  ↳ app/controllers/users_controller.rb:9
Redirected to http://localhost:3000/users/1
Completed 302 Found in 1ms (ActiveRecord: 0.2ms)


Started GET "/users/1" for ::1 at 2020-03-25 16:56:10 -0700
Processing by UsersController#show as HTML
  Parameters: {"id"=>"1"}
  [1m[36mUser Load (0.2ms)[0m  [1m[34mSELECT  "users".* FROM "users" WHERE "users"."id" = $1 LIMIT $2[0m  [["id", 1], ["LIMIT", 1]]
  ↳ app/controllers/users_controller.rb:9
Redirected to http://localhost:3000/users/1
Completed 302 Found in 1ms (ActiveRecord: 0.2ms)


Started GET "/users/1" for ::1 at 2020-03-25 16:57:10 -0700
Processing by UsersController#show as HTML
  Parameters: {"id"=>"1"}
  [1m[36mUser Load (1.5ms)[0m  [1m[34mSELECT  "users".* FROM "users" WHERE "users"."id" = $1 LIMIT $2[0m  [["id", 1], ["LIMIT", 1]]
  ↳ app/controllers/users_controller.rb:9
  Rendering users/show.html.erb within layouts/application
  Rendered users/show.html.erb within layouts/application (0.3ms)
Completed 200 OK in 40ms (Views: 19.5ms | ActiveRecord: 9.8ms)


Started GET "/users/new" for ::1 at 2020-03-25 16:57:30 -0700
Processing by UsersController#new as HTML
  Rendering users/new.html.erb within layouts/application
  Rendered users/_form.html.erb (0.9ms)
  Rendered users/new.html.erb within layouts/application (3.3ms)
Completed 200 OK in 24ms (Views: 23.8ms | ActiveRecord: 0.0ms)


Started GET "/users/1/edit" for ::1 at 2020-03-25 17:00:23 -0700
Processing by UsersController#edit as HTML
  Parameters: {"id"=>"1"}
  [1m[36mUser Load (0.2ms)[0m  [1m[34mSELECT  "users".* FROM "users" WHERE "users"."id" = $1 LIMIT $2[0m  [["id", 1], ["LIMIT", 1]]
  ↳ app/controllers/users_controller.rb:23
  Rendering users/edit.html.erb within layouts/application
  Rendered users/_form.html.erb (0.6ms)
  Rendered users/edit.html.erb within layouts/application (5.4ms)
Completed 200 OK in 63ms (Views: 37.6ms | ActiveRecord: 10.8ms)


Started GET "/users/1/edit" for ::1 at 2020-03-25 17:01:16 -0700
Processing by UsersController#edit as HTML
  Parameters: {"id"=>"1"}
  [1m[36mUser Load (0.3ms)[0m  [1m[34mSELECT  "users".* FROM "users" WHERE "users"."id" = $1 LIMIT $2[0m  [["id", 1], ["LIMIT", 1]]
  ↳ app/controllers/users_controller.rb:23
  Rendering users/edit.html.erb within layouts/application
  Rendered users/_form.html.erb (0.7ms)
  Rendered users/edit.html.erb within layouts/application (3.2ms)
Completed 200 OK in 27ms (Views: 25.9ms | ActiveRecord: 0.3ms)


